[ 2022-12-03 22:03:23,583 ] 15 root - INFO - >>>>>>>>>>>>>>>>>>>>>>>>>>>>>>>>>>>>>>>> Data Ingestion <<<<<<<<<<<<<<<<<<<<<<<<<<<<<<<<<<<<<<<<
[ 2022-12-03 22:03:23,583 ] 22 root - INFO - Exporting collection data as pandas dataframe
[ 2022-12-03 22:03:23,583 ] 18 root - INFO - Reading data from database: ipp and collection: insurance
[ 2022-12-03 22:03:23,595 ] 20 root - INFO - Found columns: Index(['_id', 'age', 'sex', 'bmi', 'children', 'smoker', 'region', 'expenses'], dtype='object')
[ 2022-12-03 22:03:23,595 ] 22 root - INFO - Dropping column: _id 
[ 2022-12-03 22:03:23,596 ] 24 root - INFO - Row and columns in df: (1338, 7)
[ 2022-12-03 22:03:23,596 ] 28 root - INFO - Save data in feature store
[ 2022-12-03 22:03:23,597 ] 34 root - INFO - Create feature store folder if not available
[ 2022-12-03 22:03:23,597 ] 38 root - INFO - Save df to feature store folder
[ 2022-12-03 22:03:23,604 ] 43 root - INFO - split dataset into train and test set
[ 2022-12-03 22:03:23,605 ] 47 root - INFO - create dataset directory folder if not available
[ 2022-12-03 22:03:23,605 ] 52 root - INFO - Save df to feature store folder
[ 2022-12-03 22:03:23,612 ] 64 root - INFO - Data ingestion artifact: DataIngestionArtifact(feature_store_file_path='/config/workspace/artifact/12032022__220323/data_ingestion/feature_store/insurance.csv', train_file_path='/config/workspace/artifact/12032022__220323/data_ingestion/dataset/train.csv', test_file_path='/config/workspace/artifact/12032022__220323/data_ingestion/dataset/test.csv')
[ 2022-12-03 22:03:23,612 ] 21 root - INFO - >>>>>>>>>>>>>>>>>>>>>>>>>>>>>>>>>>>>>>>> Data Validation <<<<<<<<<<<<<<<<<<<<<<<<<<<<<<<<<<<<<<<<
[ 2022-12-03 22:03:23,612 ] 110 root - INFO - Reading base dataframe
[ 2022-12-03 22:03:23,617 ] 113 root - INFO - Replace na value in base df
[ 2022-12-03 22:03:23,617 ] 115 root - INFO - Drop null values colums from base df
[ 2022-12-03 22:03:23,619 ] 44 root - INFO - selecting column name which contains null above to 0.2
[ 2022-12-03 22:03:23,619 ] 47 root - INFO - Columns to drop: []
[ 2022-12-03 22:03:23,620 ] 118 root - INFO - Reading train dataframe
[ 2022-12-03 22:03:23,622 ] 120 root - INFO - Reading test dataframe
[ 2022-12-03 22:03:23,624 ] 123 root - INFO - Drop null values colums from train df
[ 2022-12-03 22:03:23,626 ] 44 root - INFO - selecting column name which contains null above to 0.2
[ 2022-12-03 22:03:23,626 ] 47 root - INFO - Columns to drop: []
[ 2022-12-03 22:03:23,627 ] 125 root - INFO - Drop null values colums from test df
[ 2022-12-03 22:03:23,628 ] 44 root - INFO - selecting column name which contains null above to 0.2
[ 2022-12-03 22:03:23,628 ] 47 root - INFO - Columns to drop: []
