[ 2022-12-03 22:10:57,391 ] 15 root - INFO - >>>>>>>>>>>>>>>>>>>>>>>>>>>>>>>>>>>>>>>> Data Ingestion <<<<<<<<<<<<<<<<<<<<<<<<<<<<<<<<<<<<<<<<
[ 2022-12-03 22:10:57,391 ] 22 root - INFO - Exporting collection data as pandas dataframe
[ 2022-12-03 22:10:57,391 ] 18 root - INFO - Reading data from database: ipp and collection: insurance
[ 2022-12-03 22:10:57,403 ] 20 root - INFO - Found columns: Index(['_id', 'age', 'sex', 'bmi', 'children', 'smoker', 'region', 'expenses'], dtype='object')
[ 2022-12-03 22:10:57,403 ] 22 root - INFO - Dropping column: _id 
[ 2022-12-03 22:10:57,404 ] 24 root - INFO - Row and columns in df: (1338, 7)
[ 2022-12-03 22:10:57,404 ] 28 root - INFO - Save data in feature store
[ 2022-12-03 22:10:57,405 ] 34 root - INFO - Create feature store folder if not available
[ 2022-12-03 22:10:57,405 ] 38 root - INFO - Save df to feature store folder
[ 2022-12-03 22:10:57,412 ] 43 root - INFO - split dataset into train and test set
[ 2022-12-03 22:10:57,413 ] 47 root - INFO - create dataset directory folder if not available
[ 2022-12-03 22:10:57,413 ] 52 root - INFO - Save df to feature store folder
[ 2022-12-03 22:10:57,419 ] 64 root - INFO - Data ingestion artifact: DataIngestionArtifact(feature_store_file_path='/config/workspace/artifact/12032022__221057/data_ingestion/feature_store/insurance.csv', train_file_path='/config/workspace/artifact/12032022__221057/data_ingestion/dataset/train.csv', test_file_path='/config/workspace/artifact/12032022__221057/data_ingestion/dataset/test.csv')
[ 2022-12-03 22:10:57,420 ] 21 root - INFO - >>>>>>>>>>>>>>>>>>>>>>>>>>>>>>>>>>>>>>>> Data Validation <<<<<<<<<<<<<<<<<<<<<<<<<<<<<<<<<<<<<<<<
[ 2022-12-03 22:10:57,420 ] 110 root - INFO - Reading base dataframe
[ 2022-12-03 22:10:57,424 ] 113 root - INFO - Replace na value in base df
[ 2022-12-03 22:10:57,424 ] 115 root - INFO - Drop null values colums from base df
[ 2022-12-03 22:10:57,426 ] 44 root - INFO - selecting column name which contains null above to 0.2
[ 2022-12-03 22:10:57,426 ] 47 root - INFO - Columns to drop: []
[ 2022-12-03 22:10:57,427 ] 118 root - INFO - Reading train dataframe
[ 2022-12-03 22:10:57,430 ] 120 root - INFO - Reading test dataframe
[ 2022-12-03 22:10:57,432 ] 123 root - INFO - Drop null values colums from train df
[ 2022-12-03 22:10:57,433 ] 44 root - INFO - selecting column name which contains null above to 0.2
[ 2022-12-03 22:10:57,434 ] 47 root - INFO - Columns to drop: []
[ 2022-12-03 22:10:57,434 ] 125 root - INFO - Drop null values colums from test df
[ 2022-12-03 22:10:57,435 ] 44 root - INFO - selecting column name which contains null above to 0.2
[ 2022-12-03 22:10:57,435 ] 47 root - INFO - Columns to drop: []
[ 2022-12-03 22:10:57,436 ] 134 root - INFO - Is all required columns present in train df
[ 2022-12-03 22:10:57,436 ] 136 root - INFO - Is all required columns present in test df
[ 2022-12-03 22:10:57,436 ] 140 root - INFO - As all column are available in train df hence detecting data drift
[ 2022-12-03 22:10:57,437 ] 88 root - INFO - Hypothesis age: int64, int64 
[ 2022-12-03 22:10:57,437 ] 88 root - INFO - Hypothesis sex: object, object 
[ 2022-12-03 22:10:57,440 ] 88 root - INFO - Hypothesis bmi: float64, float64 
[ 2022-12-03 22:10:57,441 ] 88 root - INFO - Hypothesis children: int64, int64 
[ 2022-12-03 22:10:57,442 ] 88 root - INFO - Hypothesis smoker: object, object 
[ 2022-12-03 22:10:57,445 ] 88 root - INFO - Hypothesis region: object, object 
[ 2022-12-03 22:10:57,448 ] 88 root - INFO - Hypothesis expenses: float64, float64 
[ 2022-12-03 22:10:57,449 ] 143 root - INFO - As all column are available in test df hence detecting data drift
[ 2022-12-03 22:10:57,449 ] 88 root - INFO - Hypothesis age: int64, int64 
[ 2022-12-03 22:10:57,450 ] 88 root - INFO - Hypothesis sex: object, object 
[ 2022-12-03 22:10:57,451 ] 88 root - INFO - Hypothesis bmi: float64, float64 
[ 2022-12-03 22:10:57,452 ] 88 root - INFO - Hypothesis children: int64, int64 
[ 2022-12-03 22:10:57,453 ] 88 root - INFO - Hypothesis smoker: object, object 
[ 2022-12-03 22:10:57,455 ] 88 root - INFO - Hypothesis region: object, object 
[ 2022-12-03 22:10:57,457 ] 88 root - INFO - Hypothesis expenses: float64, float64 
[ 2022-12-03 22:10:57,458 ] 147 root - INFO - Write reprt in yaml file
