[ 2022-12-03 22:13:33,254 ] 15 root - INFO - >>>>>>>>>>>>>>>>>>>>>>>>>>>>>>>>>>>>>>>> Data Ingestion <<<<<<<<<<<<<<<<<<<<<<<<<<<<<<<<<<<<<<<<
[ 2022-12-03 22:13:33,255 ] 22 root - INFO - Exporting collection data as pandas dataframe
[ 2022-12-03 22:13:33,255 ] 19 root - INFO - Reading data from database: ipp and collection: insurance
[ 2022-12-03 22:13:33,266 ] 21 root - INFO - Found columns: Index(['_id', 'age', 'sex', 'bmi', 'children', 'smoker', 'region', 'expenses'], dtype='object')
[ 2022-12-03 22:13:33,267 ] 23 root - INFO - Dropping column: _id 
[ 2022-12-03 22:13:33,268 ] 25 root - INFO - Row and columns in df: (1338, 7)
[ 2022-12-03 22:13:33,268 ] 28 root - INFO - Save data in feature store
[ 2022-12-03 22:13:33,268 ] 34 root - INFO - Create feature store folder if not available
[ 2022-12-03 22:13:33,269 ] 38 root - INFO - Save df to feature store folder
[ 2022-12-03 22:13:33,275 ] 43 root - INFO - split dataset into train and test set
[ 2022-12-03 22:13:33,276 ] 47 root - INFO - create dataset directory folder if not available
[ 2022-12-03 22:13:33,277 ] 52 root - INFO - Save df to feature store folder
[ 2022-12-03 22:13:33,283 ] 64 root - INFO - Data ingestion artifact: DataIngestionArtifact(feature_store_file_path='/config/workspace/artifact/12032022__221333/data_ingestion/feature_store/insurance.csv', train_file_path='/config/workspace/artifact/12032022__221333/data_ingestion/dataset/train.csv', test_file_path='/config/workspace/artifact/12032022__221333/data_ingestion/dataset/test.csv')
[ 2022-12-03 22:13:33,283 ] 21 root - INFO - >>>>>>>>>>>>>>>>>>>>>>>>>>>>>>>>>>>>>>>> Data Validation <<<<<<<<<<<<<<<<<<<<<<<<<<<<<<<<<<<<<<<<
[ 2022-12-03 22:13:33,283 ] 110 root - INFO - Reading base dataframe
[ 2022-12-03 22:13:33,288 ] 113 root - INFO - Replace na value in base df
[ 2022-12-03 22:13:33,288 ] 115 root - INFO - Drop null values colums from base df
[ 2022-12-03 22:13:33,289 ] 44 root - INFO - selecting column name which contains null above to 0.2
[ 2022-12-03 22:13:33,290 ] 47 root - INFO - Columns to drop: []
[ 2022-12-03 22:13:33,290 ] 118 root - INFO - Reading train dataframe
[ 2022-12-03 22:13:33,293 ] 120 root - INFO - Reading test dataframe
[ 2022-12-03 22:13:33,295 ] 123 root - INFO - Drop null values colums from train df
[ 2022-12-03 22:13:33,296 ] 44 root - INFO - selecting column name which contains null above to 0.2
[ 2022-12-03 22:13:33,297 ] 47 root - INFO - Columns to drop: []
[ 2022-12-03 22:13:33,297 ] 125 root - INFO - Drop null values colums from test df
[ 2022-12-03 22:13:33,298 ] 44 root - INFO - selecting column name which contains null above to 0.2
[ 2022-12-03 22:13:33,299 ] 47 root - INFO - Columns to drop: []
[ 2022-12-03 22:13:33,299 ] 134 root - INFO - Is all required columns present in train df
[ 2022-12-03 22:13:33,299 ] 136 root - INFO - Is all required columns present in test df
[ 2022-12-03 22:13:33,299 ] 140 root - INFO - As all column are available in train df hence detecting data drift
[ 2022-12-03 22:13:33,300 ] 88 root - INFO - Hypothesis age: int64, int64 
[ 2022-12-03 22:13:33,301 ] 88 root - INFO - Hypothesis sex: object, object 
[ 2022-12-03 22:13:33,303 ] 88 root - INFO - Hypothesis bmi: float64, float64 
[ 2022-12-03 22:13:33,304 ] 88 root - INFO - Hypothesis children: int64, int64 
[ 2022-12-03 22:13:33,305 ] 88 root - INFO - Hypothesis smoker: object, object 
[ 2022-12-03 22:13:33,308 ] 88 root - INFO - Hypothesis region: object, object 
[ 2022-12-03 22:13:33,311 ] 88 root - INFO - Hypothesis expenses: float64, float64 
[ 2022-12-03 22:13:33,312 ] 143 root - INFO - As all column are available in test df hence detecting data drift
[ 2022-12-03 22:13:33,312 ] 88 root - INFO - Hypothesis age: int64, int64 
[ 2022-12-03 22:13:33,313 ] 88 root - INFO - Hypothesis sex: object, object 
[ 2022-12-03 22:13:33,315 ] 88 root - INFO - Hypothesis bmi: float64, float64 
[ 2022-12-03 22:13:33,315 ] 88 root - INFO - Hypothesis children: int64, int64 
[ 2022-12-03 22:13:33,316 ] 88 root - INFO - Hypothesis smoker: object, object 
[ 2022-12-03 22:13:33,318 ] 88 root - INFO - Hypothesis region: object, object 
[ 2022-12-03 22:13:33,320 ] 88 root - INFO - Hypothesis expenses: float64, float64 
[ 2022-12-03 22:13:33,321 ] 147 root - INFO - Write reprt in yaml file
[ 2022-12-03 22:13:33,325 ] 152 root - INFO - Data validation artifact: DataValidationArtifact(report_file_path='/config/workspace/artifact/12032022__221333/data_validation/report.yaml')
