[ 2022-12-04 20:45:18,313 ] 15 root - INFO - >>>>>>>>>>>>>>>>>>>>>>>>>>>>>>>>>>>>>>>> Data Ingestion <<<<<<<<<<<<<<<<<<<<<<<<<<<<<<<<<<<<<<<<
[ 2022-12-04 20:45:18,313 ] 22 root - INFO - Exporting collection data as pandas dataframe
[ 2022-12-04 20:45:18,313 ] 19 root - INFO - Reading data from database: ipp and collection: insurance
[ 2022-12-04 20:45:18,327 ] 21 root - INFO - Found columns: Index(['_id', 'age', 'sex', 'bmi', 'children', 'smoker', 'region', 'expenses'], dtype='object')
[ 2022-12-04 20:45:18,327 ] 23 root - INFO - Dropping column: _id 
[ 2022-12-04 20:45:18,328 ] 25 root - INFO - Row and columns in df: (1338, 7)
[ 2022-12-04 20:45:18,328 ] 28 root - INFO - Save data in feature store
[ 2022-12-04 20:45:18,329 ] 34 root - INFO - Create feature store folder if not available
[ 2022-12-04 20:45:18,329 ] 38 root - INFO - Save df to feature store folder
[ 2022-12-04 20:45:18,337 ] 43 root - INFO - split dataset into train and test set
[ 2022-12-04 20:45:18,339 ] 47 root - INFO - create dataset directory folder if not available
[ 2022-12-04 20:45:18,339 ] 52 root - INFO - Save df to feature store folder
[ 2022-12-04 20:45:18,352 ] 64 root - INFO - Data ingestion artifact: DataIngestionArtifact(feature_store_file_path='/config/workspace/artifact/12042022__204518/data_ingestion/feature_store/insurance.csv', train_file_path='/config/workspace/artifact/12042022__204518/data_ingestion/dataset/train.csv', test_file_path='/config/workspace/artifact/12042022__204518/data_ingestion/dataset/test.csv')
[ 2022-12-04 20:45:18,352 ] 21 root - INFO - >>>>>>>>>>>>>>>>>>>>>>>>>>>>>>>>>>>>>>>> Data Validation <<<<<<<<<<<<<<<<<<<<<<<<<<<<<<<<<<<<<<<<
[ 2022-12-04 20:45:18,353 ] 110 root - INFO - Reading base dataframe
[ 2022-12-04 20:45:18,357 ] 113 root - INFO - Replace na value in base df
[ 2022-12-04 20:45:18,357 ] 115 root - INFO - Drop null values colums from base df
[ 2022-12-04 20:45:18,359 ] 44 root - INFO - selecting column name which contains null above to 0.2
[ 2022-12-04 20:45:18,359 ] 47 root - INFO - Columns to drop: []
[ 2022-12-04 20:45:18,360 ] 118 root - INFO - Reading train dataframe
[ 2022-12-04 20:45:18,362 ] 120 root - INFO - Reading test dataframe
[ 2022-12-04 20:45:18,364 ] 123 root - INFO - Drop null values colums from train df
[ 2022-12-04 20:45:18,366 ] 44 root - INFO - selecting column name which contains null above to 0.2
[ 2022-12-04 20:45:18,366 ] 47 root - INFO - Columns to drop: []
[ 2022-12-04 20:45:18,367 ] 125 root - INFO - Drop null values colums from test df
[ 2022-12-04 20:45:18,368 ] 44 root - INFO - selecting column name which contains null above to 0.2
[ 2022-12-04 20:45:18,368 ] 47 root - INFO - Columns to drop: []
[ 2022-12-04 20:45:18,369 ] 134 root - INFO - Is all required columns present in train df
[ 2022-12-04 20:45:18,369 ] 136 root - INFO - Is all required columns present in test df
[ 2022-12-04 20:45:18,369 ] 140 root - INFO - As all column are available in train df hence detecting data drift
[ 2022-12-04 20:45:18,369 ] 88 root - INFO - Hypothesis age: int64, int64 
[ 2022-12-04 20:45:18,370 ] 88 root - INFO - Hypothesis sex: object, object 
[ 2022-12-04 20:45:18,373 ] 88 root - INFO - Hypothesis bmi: float64, float64 
[ 2022-12-04 20:45:18,374 ] 88 root - INFO - Hypothesis children: int64, int64 
[ 2022-12-04 20:45:18,374 ] 88 root - INFO - Hypothesis smoker: object, object 
[ 2022-12-04 20:45:18,377 ] 88 root - INFO - Hypothesis region: object, object 
[ 2022-12-04 20:45:18,381 ] 88 root - INFO - Hypothesis expenses: float64, float64 
[ 2022-12-04 20:45:18,382 ] 143 root - INFO - As all column are available in test df hence detecting data drift
[ 2022-12-04 20:45:18,382 ] 88 root - INFO - Hypothesis age: int64, int64 
[ 2022-12-04 20:45:18,383 ] 88 root - INFO - Hypothesis sex: object, object 
[ 2022-12-04 20:45:18,385 ] 88 root - INFO - Hypothesis bmi: float64, float64 
[ 2022-12-04 20:45:18,385 ] 88 root - INFO - Hypothesis children: int64, int64 
[ 2022-12-04 20:45:18,386 ] 88 root - INFO - Hypothesis smoker: object, object 
[ 2022-12-04 20:45:18,388 ] 88 root - INFO - Hypothesis region: object, object 
[ 2022-12-04 20:45:18,390 ] 88 root - INFO - Hypothesis expenses: float64, float64 
[ 2022-12-04 20:45:18,391 ] 147 root - INFO - Write reprt in yaml file
[ 2022-12-04 20:45:18,395 ] 152 root - INFO - Data validation artifact: DataValidationArtifact(report_file_path='/config/workspace/artifact/12042022__204518/data_validation/report.yaml')
