[ 2022-12-23 23:57:38,390 ] 16 root - INFO - >>>>>>>>>>>>>>>>>>>>>>>>>>>>>>>>>>>>>>>> Data Ingestion <<<<<<<<<<<<<<<<<<<<<<<<<<<<<<<<<<<<<<<<
[ 2022-12-23 23:57:38,391 ] 23 root - INFO - Exporting collection data as pandas dataframe
[ 2022-12-23 23:57:38,391 ] 21 root - INFO - Reading data from database: ipp and collection: insurance
[ 2022-12-23 23:57:38,407 ] 23 root - INFO - Found columns: Index(['_id', 'age', 'sex', 'bmi', 'children', 'smoker', 'region', 'expenses'], dtype='object')
[ 2022-12-23 23:57:38,407 ] 25 root - INFO - Dropping column: _id 
[ 2022-12-23 23:57:38,409 ] 27 root - INFO - Row and columns in df: (1338, 7)
[ 2022-12-23 23:57:38,409 ] 29 root - INFO - Save data in feature store
[ 2022-12-23 23:57:38,409 ] 35 root - INFO - Create feature store folder if not available
[ 2022-12-23 23:57:38,410 ] 39 root - INFO - Save df to feature store folder
[ 2022-12-23 23:57:38,419 ] 44 root - INFO - split dataset into train and test set
[ 2022-12-23 23:57:38,421 ] 48 root - INFO - create dataset directory folder if not available
[ 2022-12-23 23:57:38,421 ] 53 root - INFO - Save df to feature store folder
[ 2022-12-23 23:57:38,430 ] 65 root - INFO - Data ingestion artifact: DataIngestionArtifact(feature_store_file_path='/config/workspace/artifact/12232022__235738/data_ingestion/feature_store/insurance.csv', train_file_path='/config/workspace/artifact/12232022__235738/data_ingestion/dataset/train.csv', test_file_path='/config/workspace/artifact/12232022__235738/data_ingestion/dataset/test.csv')
[ 2022-12-23 23:57:38,431 ] 22 root - INFO - >>>>>>>>>>>>>>>>>>>>>>>>>>>>>>>>>>>>>>>> Data Validation <<<<<<<<<<<<<<<<<<<<<<<<<<<<<<<<<<<<<<<<
[ 2022-12-23 23:57:38,431 ] 111 root - INFO - Reading base dataframe
[ 2022-12-23 23:57:38,438 ] 114 root - INFO - Replace na value in base df
[ 2022-12-23 23:57:38,438 ] 116 root - INFO - Drop null values colums from base df
[ 2022-12-23 23:57:38,440 ] 45 root - INFO - selecting column name which contains null above to 0.2
[ 2022-12-23 23:57:38,441 ] 48 root - INFO - Columns to drop: []
[ 2022-12-23 23:57:38,442 ] 119 root - INFO - Reading train dataframe
[ 2022-12-23 23:57:38,445 ] 121 root - INFO - Reading test dataframe
[ 2022-12-23 23:57:38,448 ] 124 root - INFO - Drop null values colums from train df
[ 2022-12-23 23:57:38,450 ] 45 root - INFO - selecting column name which contains null above to 0.2
[ 2022-12-23 23:57:38,450 ] 48 root - INFO - Columns to drop: []
[ 2022-12-23 23:57:38,451 ] 126 root - INFO - Drop null values colums from test df
[ 2022-12-23 23:57:38,452 ] 45 root - INFO - selecting column name which contains null above to 0.2
[ 2022-12-23 23:57:38,453 ] 48 root - INFO - Columns to drop: []
[ 2022-12-23 23:57:38,454 ] 135 root - INFO - Is all required columns present in train df
[ 2022-12-23 23:57:38,454 ] 137 root - INFO - Is all required columns present in test df
[ 2022-12-23 23:57:38,454 ] 141 root - INFO - As all column are available in train df hence detecting data drift
[ 2022-12-23 23:57:38,454 ] 89 root - INFO - Hypothesis age: int64, int64 
[ 2022-12-23 23:57:38,455 ] 89 root - INFO - Hypothesis sex: object, object 
[ 2022-12-23 23:57:38,459 ] 89 root - INFO - Hypothesis bmi: float64, float64 
[ 2022-12-23 23:57:38,460 ] 89 root - INFO - Hypothesis children: int64, int64 
[ 2022-12-23 23:57:38,461 ] 89 root - INFO - Hypothesis smoker: object, object 
[ 2022-12-23 23:57:38,466 ] 89 root - INFO - Hypothesis region: object, object 
[ 2022-12-23 23:57:38,471 ] 89 root - INFO - Hypothesis expenses: float64, float64 
[ 2022-12-23 23:57:38,472 ] 144 root - INFO - As all column are available in test df hence detecting data drift
[ 2022-12-23 23:57:38,472 ] 89 root - INFO - Hypothesis age: int64, int64 
[ 2022-12-23 23:57:38,473 ] 89 root - INFO - Hypothesis sex: object, object 
[ 2022-12-23 23:57:38,475 ] 89 root - INFO - Hypothesis bmi: float64, float64 
[ 2022-12-23 23:57:38,476 ] 89 root - INFO - Hypothesis children: int64, int64 
[ 2022-12-23 23:57:38,477 ] 89 root - INFO - Hypothesis smoker: object, object 
[ 2022-12-23 23:57:38,480 ] 89 root - INFO - Hypothesis region: object, object 
[ 2022-12-23 23:57:38,484 ] 89 root - INFO - Hypothesis expenses: float64, float64 
[ 2022-12-23 23:57:38,485 ] 148 root - INFO - Write reprt in yaml file
[ 2022-12-23 23:57:38,491 ] 153 root - INFO - Data validation artifact: DataValidationArtifact(report_file_path='/config/workspace/artifact/12232022__235738/data_validation/report.yaml')
[ 2022-12-23 23:57:38,491 ] 26 root - INFO - >>>>>>>>>>>>>>>>>>>>>>>>>>>>>>>>>>>>>>>> Data Transformation <<<<<<<<<<<<<<<<<<<<<<<<<<<<<<<<<<<<<<<<
