[ 2022-12-23 23:50:09,874 ] 16 root - INFO - >>>>>>>>>>>>>>>>>>>>>>>>>>>>>>>>>>>>>>>> Data Ingestion <<<<<<<<<<<<<<<<<<<<<<<<<<<<<<<<<<<<<<<<
[ 2022-12-23 23:50:09,874 ] 23 root - INFO - Exporting collection data as pandas dataframe
[ 2022-12-23 23:50:09,874 ] 21 root - INFO - Reading data from database: ipp and collection: insurance
[ 2022-12-23 23:50:09,899 ] 23 root - INFO - Found columns: Index(['_id', 'age', 'sex', 'bmi', 'children', 'smoker', 'region', 'expenses'], dtype='object')
[ 2022-12-23 23:50:09,899 ] 25 root - INFO - Dropping column: _id 
[ 2022-12-23 23:50:09,901 ] 27 root - INFO - Row and columns in df: (1338, 7)
[ 2022-12-23 23:50:09,901 ] 29 root - INFO - Save data in feature store
[ 2022-12-23 23:50:09,906 ] 35 root - INFO - Create feature store folder if not available
[ 2022-12-23 23:50:09,907 ] 39 root - INFO - Save df to feature store folder
[ 2022-12-23 23:50:09,919 ] 44 root - INFO - split dataset into train and test set
[ 2022-12-23 23:50:09,921 ] 48 root - INFO - create dataset directory folder if not available
[ 2022-12-23 23:50:09,921 ] 53 root - INFO - Save df to feature store folder
[ 2022-12-23 23:50:09,933 ] 65 root - INFO - Data ingestion artifact: DataIngestionArtifact(feature_store_file_path='/config/workspace/artifact/12232022__235009/data_ingestion/feature_store/insurance.csv', train_file_path='/config/workspace/artifact/12232022__235009/data_ingestion/dataset/train.csv', test_file_path='/config/workspace/artifact/12232022__235009/data_ingestion/dataset/test.csv')
[ 2022-12-23 23:50:09,934 ] 22 root - INFO - >>>>>>>>>>>>>>>>>>>>>>>>>>>>>>>>>>>>>>>> Data Validation <<<<<<<<<<<<<<<<<<<<<<<<<<<<<<<<<<<<<<<<
[ 2022-12-23 23:50:09,934 ] 111 root - INFO - Reading base dataframe
[ 2022-12-23 23:50:09,942 ] 114 root - INFO - Replace na value in base df
[ 2022-12-23 23:50:09,943 ] 116 root - INFO - Drop null values colums from base df
[ 2022-12-23 23:50:09,945 ] 45 root - INFO - selecting column name which contains null above to 0.2
[ 2022-12-23 23:50:09,946 ] 48 root - INFO - Columns to drop: []
[ 2022-12-23 23:50:09,947 ] 119 root - INFO - Reading train dataframe
[ 2022-12-23 23:50:09,952 ] 121 root - INFO - Reading test dataframe
[ 2022-12-23 23:50:09,956 ] 124 root - INFO - Drop null values colums from train df
[ 2022-12-23 23:50:09,958 ] 45 root - INFO - selecting column name which contains null above to 0.2
[ 2022-12-23 23:50:09,959 ] 48 root - INFO - Columns to drop: []
[ 2022-12-23 23:50:09,960 ] 126 root - INFO - Drop null values colums from test df
[ 2022-12-23 23:50:09,961 ] 45 root - INFO - selecting column name which contains null above to 0.2
[ 2022-12-23 23:50:09,962 ] 48 root - INFO - Columns to drop: []
[ 2022-12-23 23:50:09,963 ] 135 root - INFO - Is all required columns present in train df
[ 2022-12-23 23:50:09,964 ] 137 root - INFO - Is all required columns present in test df
[ 2022-12-23 23:50:09,964 ] 141 root - INFO - As all column are available in train df hence detecting data drift
[ 2022-12-23 23:50:09,964 ] 89 root - INFO - Hypothesis age: int64, int64 
[ 2022-12-23 23:50:09,965 ] 89 root - INFO - Hypothesis sex: object, object 
[ 2022-12-23 23:50:09,974 ] 89 root - INFO - Hypothesis bmi: float64, float64 
[ 2022-12-23 23:50:09,975 ] 89 root - INFO - Hypothesis children: int64, int64 
[ 2022-12-23 23:50:09,977 ] 89 root - INFO - Hypothesis smoker: object, object 
[ 2022-12-23 23:50:09,982 ] 89 root - INFO - Hypothesis region: object, object 
[ 2022-12-23 23:50:09,988 ] 89 root - INFO - Hypothesis expenses: float64, float64 
[ 2022-12-23 23:50:09,989 ] 144 root - INFO - As all column are available in test df hence detecting data drift
[ 2022-12-23 23:50:09,989 ] 89 root - INFO - Hypothesis age: int64, int64 
[ 2022-12-23 23:50:09,990 ] 89 root - INFO - Hypothesis sex: object, object 
[ 2022-12-23 23:50:09,993 ] 89 root - INFO - Hypothesis bmi: float64, float64 
[ 2022-12-23 23:50:09,995 ] 89 root - INFO - Hypothesis children: int64, int64 
[ 2022-12-23 23:50:09,996 ] 89 root - INFO - Hypothesis smoker: object, object 
[ 2022-12-23 23:50:10,000 ] 89 root - INFO - Hypothesis region: object, object 
[ 2022-12-23 23:50:10,004 ] 89 root - INFO - Hypothesis expenses: float64, float64 
[ 2022-12-23 23:50:10,005 ] 148 root - INFO - Write reprt in yaml file
[ 2022-12-23 23:50:10,012 ] 153 root - INFO - Data validation artifact: DataValidationArtifact(report_file_path='/config/workspace/artifact/12232022__235009/data_validation/report.yaml')
[ 2022-12-23 23:50:10,013 ] 26 root - INFO - >>>>>>>>>>>>>>>>>>>>>>>>>>>>>>>>>>>>>>>> Data Transformation <<<<<<<<<<<<<<<<<<<<<<<<<<<<<<<<<<<<<<<<
