[ 2022-12-24 13:04:21,192 ] 16 root - INFO - >>>>>>>>>>>>>>>>>>>>>>>>>>>>>>>>>>>>>>>> Data Ingestion <<<<<<<<<<<<<<<<<<<<<<<<<<<<<<<<<<<<<<<<
[ 2022-12-24 13:04:21,192 ] 23 root - INFO - Exporting collection data as pandas dataframe
[ 2022-12-24 13:04:21,192 ] 21 root - INFO - Reading data from database: ipp and collection: insurance
[ 2022-12-24 13:04:21,214 ] 23 root - INFO - Found columns: Index(['_id', 'age', 'sex', 'bmi', 'children', 'smoker', 'region', 'expenses'], dtype='object')
[ 2022-12-24 13:04:21,214 ] 25 root - INFO - Dropping column: _id 
[ 2022-12-24 13:04:21,215 ] 27 root - INFO - Row and columns in df: (2676, 7)
[ 2022-12-24 13:04:21,216 ] 29 root - INFO - Save data in feature store
[ 2022-12-24 13:04:21,216 ] 35 root - INFO - Create feature store folder if not available
[ 2022-12-24 13:04:21,217 ] 39 root - INFO - Save df to feature store folder
[ 2022-12-24 13:04:21,230 ] 44 root - INFO - split dataset into train and test set
[ 2022-12-24 13:04:21,231 ] 48 root - INFO - create dataset directory folder if not available
[ 2022-12-24 13:04:21,232 ] 53 root - INFO - Save df to feature store folder
[ 2022-12-24 13:04:21,245 ] 65 root - INFO - Data ingestion artifact: DataIngestionArtifact(feature_store_file_path='/config/workspace/artifact/12242022__130421/data_ingestion/feature_store/insurance.csv', train_file_path='/config/workspace/artifact/12242022__130421/data_ingestion/dataset/train.csv', test_file_path='/config/workspace/artifact/12242022__130421/data_ingestion/dataset/test.csv')
[ 2022-12-24 13:04:21,246 ] 22 root - INFO - >>>>>>>>>>>>>>>>>>>>>>>>>>>>>>>>>>>>>>>> Data Validation <<<<<<<<<<<<<<<<<<<<<<<<<<<<<<<<<<<<<<<<
[ 2022-12-24 13:04:21,246 ] 111 root - INFO - Reading base dataframe
[ 2022-12-24 13:04:21,251 ] 114 root - INFO - Replace na value in base df
[ 2022-12-24 13:04:21,252 ] 116 root - INFO - Drop null values colums from base df
[ 2022-12-24 13:04:21,253 ] 45 root - INFO - selecting column name which contains null above to 0.2
[ 2022-12-24 13:04:21,254 ] 48 root - INFO - Columns to drop: []
[ 2022-12-24 13:04:21,255 ] 119 root - INFO - Reading train dataframe
[ 2022-12-24 13:04:21,258 ] 121 root - INFO - Reading test dataframe
[ 2022-12-24 13:04:21,261 ] 124 root - INFO - Drop null values colums from train df
[ 2022-12-24 13:04:21,263 ] 45 root - INFO - selecting column name which contains null above to 0.2
[ 2022-12-24 13:04:21,263 ] 48 root - INFO - Columns to drop: []
[ 2022-12-24 13:04:21,264 ] 126 root - INFO - Drop null values colums from test df
[ 2022-12-24 13:04:21,265 ] 45 root - INFO - selecting column name which contains null above to 0.2
[ 2022-12-24 13:04:21,266 ] 48 root - INFO - Columns to drop: []
[ 2022-12-24 13:04:21,266 ] 135 root - INFO - Is all required columns present in train df
[ 2022-12-24 13:04:21,266 ] 137 root - INFO - Is all required columns present in test df
[ 2022-12-24 13:04:21,266 ] 141 root - INFO - As all column are available in train df hence detecting data drift
[ 2022-12-24 13:04:21,267 ] 89 root - INFO - Hypothesis age: int64, int64 
[ 2022-12-24 13:04:21,268 ] 89 root - INFO - Hypothesis sex: object, object 
[ 2022-12-24 13:04:21,272 ] 89 root - INFO - Hypothesis bmi: float64, float64 
[ 2022-12-24 13:04:21,273 ] 89 root - INFO - Hypothesis children: int64, int64 
[ 2022-12-24 13:04:21,274 ] 89 root - INFO - Hypothesis smoker: object, object 
[ 2022-12-24 13:04:21,278 ] 89 root - INFO - Hypothesis region: object, object 
[ 2022-12-24 13:04:21,284 ] 89 root - INFO - Hypothesis expenses: float64, float64 
[ 2022-12-24 13:04:21,285 ] 144 root - INFO - As all column are available in test df hence detecting data drift
[ 2022-12-24 13:04:21,285 ] 89 root - INFO - Hypothesis age: int64, int64 
[ 2022-12-24 13:04:21,286 ] 89 root - INFO - Hypothesis sex: object, object 
[ 2022-12-24 13:04:21,288 ] 89 root - INFO - Hypothesis bmi: float64, float64 
[ 2022-12-24 13:04:21,289 ] 89 root - INFO - Hypothesis children: int64, int64 
[ 2022-12-24 13:04:21,290 ] 89 root - INFO - Hypothesis smoker: object, object 
[ 2022-12-24 13:04:21,292 ] 89 root - INFO - Hypothesis region: object, object 
[ 2022-12-24 13:04:21,295 ] 89 root - INFO - Hypothesis expenses: float64, float64 
[ 2022-12-24 13:04:21,296 ] 148 root - INFO - Write reprt in yaml file
[ 2022-12-24 13:04:21,301 ] 153 root - INFO - Data validation artifact: DataValidationArtifact(report_file_path='/config/workspace/artifact/12242022__130421/data_validation/report.yaml')
[ 2022-12-24 13:04:21,301 ] 26 root - INFO - >>>>>>>>>>>>>>>>>>>>>>>>>>>>>>>>>>>>>>>> Data Transformation <<<<<<<<<<<<<<<<<<<<<<<<<<<<<<<<<<<<<<<<
