[ 2022-12-24 13:01:23,895 ] 16 root - INFO - >>>>>>>>>>>>>>>>>>>>>>>>>>>>>>>>>>>>>>>> Data Ingestion <<<<<<<<<<<<<<<<<<<<<<<<<<<<<<<<<<<<<<<<
[ 2022-12-24 13:01:23,896 ] 23 root - INFO - Exporting collection data as pandas dataframe
[ 2022-12-24 13:01:23,896 ] 21 root - INFO - Reading data from database: ipp and collection: insurance
[ 2022-12-24 13:01:23,918 ] 23 root - INFO - Found columns: Index(['_id', 'age', 'sex', 'bmi', 'children', 'smoker', 'region', 'expenses'], dtype='object')
[ 2022-12-24 13:01:23,918 ] 25 root - INFO - Dropping column: _id 
[ 2022-12-24 13:01:23,920 ] 27 root - INFO - Row and columns in df: (2676, 7)
[ 2022-12-24 13:01:23,921 ] 29 root - INFO - Save data in feature store
[ 2022-12-24 13:01:23,922 ] 35 root - INFO - Create feature store folder if not available
[ 2022-12-24 13:01:23,922 ] 39 root - INFO - Save df to feature store folder
[ 2022-12-24 13:01:23,942 ] 44 root - INFO - split dataset into train and test set
[ 2022-12-24 13:01:23,944 ] 48 root - INFO - create dataset directory folder if not available
[ 2022-12-24 13:01:23,945 ] 53 root - INFO - Save df to feature store folder
[ 2022-12-24 13:01:23,959 ] 65 root - INFO - Data ingestion artifact: DataIngestionArtifact(feature_store_file_path='/config/workspace/artifact/12242022__130123/data_ingestion/feature_store/insurance.csv', train_file_path='/config/workspace/artifact/12242022__130123/data_ingestion/dataset/train.csv', test_file_path='/config/workspace/artifact/12242022__130123/data_ingestion/dataset/test.csv')
[ 2022-12-24 13:01:23,959 ] 22 root - INFO - >>>>>>>>>>>>>>>>>>>>>>>>>>>>>>>>>>>>>>>> Data Validation <<<<<<<<<<<<<<<<<<<<<<<<<<<<<<<<<<<<<<<<
[ 2022-12-24 13:01:23,959 ] 111 root - INFO - Reading base dataframe
[ 2022-12-24 13:01:23,965 ] 114 root - INFO - Replace na value in base df
[ 2022-12-24 13:01:23,965 ] 116 root - INFO - Drop null values colums from base df
[ 2022-12-24 13:01:23,967 ] 45 root - INFO - selecting column name which contains null above to 0.2
[ 2022-12-24 13:01:23,967 ] 48 root - INFO - Columns to drop: []
[ 2022-12-24 13:01:23,968 ] 119 root - INFO - Reading train dataframe
[ 2022-12-24 13:01:23,972 ] 121 root - INFO - Reading test dataframe
[ 2022-12-24 13:01:23,975 ] 124 root - INFO - Drop null values colums from train df
[ 2022-12-24 13:01:23,977 ] 45 root - INFO - selecting column name which contains null above to 0.2
[ 2022-12-24 13:01:23,978 ] 48 root - INFO - Columns to drop: []
[ 2022-12-24 13:01:23,978 ] 126 root - INFO - Drop null values colums from test df
[ 2022-12-24 13:01:23,979 ] 45 root - INFO - selecting column name which contains null above to 0.2
[ 2022-12-24 13:01:23,980 ] 48 root - INFO - Columns to drop: []
[ 2022-12-24 13:01:23,981 ] 135 root - INFO - Is all required columns present in train df
[ 2022-12-24 13:01:23,981 ] 137 root - INFO - Is all required columns present in test df
[ 2022-12-24 13:01:23,981 ] 141 root - INFO - As all column are available in train df hence detecting data drift
[ 2022-12-24 13:01:23,981 ] 89 root - INFO - Hypothesis age: int64, int64 
[ 2022-12-24 13:01:23,982 ] 89 root - INFO - Hypothesis sex: object, object 
[ 2022-12-24 13:01:23,986 ] 89 root - INFO - Hypothesis bmi: float64, float64 
[ 2022-12-24 13:01:23,987 ] 89 root - INFO - Hypothesis children: int64, int64 
[ 2022-12-24 13:01:23,988 ] 89 root - INFO - Hypothesis smoker: object, object 
[ 2022-12-24 13:01:23,993 ] 89 root - INFO - Hypothesis region: object, object 
[ 2022-12-24 13:01:23,998 ] 89 root - INFO - Hypothesis expenses: float64, float64 
[ 2022-12-24 13:01:23,999 ] 144 root - INFO - As all column are available in test df hence detecting data drift
[ 2022-12-24 13:01:24,000 ] 89 root - INFO - Hypothesis age: int64, int64 
[ 2022-12-24 13:01:24,000 ] 89 root - INFO - Hypothesis sex: object, object 
[ 2022-12-24 13:01:24,002 ] 89 root - INFO - Hypothesis bmi: float64, float64 
[ 2022-12-24 13:01:24,004 ] 89 root - INFO - Hypothesis children: int64, int64 
[ 2022-12-24 13:01:24,004 ] 89 root - INFO - Hypothesis smoker: object, object 
[ 2022-12-24 13:01:24,007 ] 89 root - INFO - Hypothesis region: object, object 
[ 2022-12-24 13:01:24,010 ] 89 root - INFO - Hypothesis expenses: float64, float64 
[ 2022-12-24 13:01:24,011 ] 148 root - INFO - Write reprt in yaml file
[ 2022-12-24 13:01:24,016 ] 153 root - INFO - Data validation artifact: DataValidationArtifact(report_file_path='/config/workspace/artifact/12242022__130123/data_validation/report.yaml')
[ 2022-12-24 13:01:24,016 ] 26 root - INFO - >>>>>>>>>>>>>>>>>>>>>>>>>>>>>>>>>>>>>>>> Data Transformation <<<<<<<<<<<<<<<<<<<<<<<<<<<<<<<<<<<<<<<<
[ 2022-12-24 13:01:24,052 ] 88 root - INFO - Before resampling in training set Input: (2140, 11) Target:(2140, 1)
