[ 2022-12-24 13:19:59,089 ] 16 root - INFO - >>>>>>>>>>>>>>>>>>>>>>>>>>>>>>>>>>>>>>>> Data Ingestion <<<<<<<<<<<<<<<<<<<<<<<<<<<<<<<<<<<<<<<<
[ 2022-12-24 13:19:59,089 ] 23 root - INFO - Exporting collection data as pandas dataframe
[ 2022-12-24 13:19:59,089 ] 21 root - INFO - Reading data from database: ipp and collection: insurance
[ 2022-12-24 13:19:59,110 ] 23 root - INFO - Found columns: Index(['_id', 'age', 'sex', 'bmi', 'children', 'smoker', 'region', 'expenses'], dtype='object')
[ 2022-12-24 13:19:59,110 ] 25 root - INFO - Dropping column: _id 
[ 2022-12-24 13:19:59,112 ] 27 root - INFO - Row and columns in df: (2676, 7)
[ 2022-12-24 13:19:59,112 ] 29 root - INFO - Save data in feature store
[ 2022-12-24 13:19:59,112 ] 35 root - INFO - Create feature store folder if not available
[ 2022-12-24 13:19:59,113 ] 39 root - INFO - Save df to feature store folder
[ 2022-12-24 13:19:59,126 ] 44 root - INFO - split dataset into train and test set
[ 2022-12-24 13:19:59,128 ] 48 root - INFO - create dataset directory folder if not available
[ 2022-12-24 13:19:59,128 ] 53 root - INFO - Save df to feature store folder
[ 2022-12-24 13:19:59,140 ] 65 root - INFO - Data ingestion artifact: DataIngestionArtifact(feature_store_file_path='/config/workspace/artifact/12242022__131959/data_ingestion/feature_store/insurance.csv', train_file_path='/config/workspace/artifact/12242022__131959/data_ingestion/dataset/train.csv', test_file_path='/config/workspace/artifact/12242022__131959/data_ingestion/dataset/test.csv')
[ 2022-12-24 13:19:59,141 ] 22 root - INFO - >>>>>>>>>>>>>>>>>>>>>>>>>>>>>>>>>>>>>>>> Data Validation <<<<<<<<<<<<<<<<<<<<<<<<<<<<<<<<<<<<<<<<
[ 2022-12-24 13:19:59,141 ] 111 root - INFO - Reading base dataframe
[ 2022-12-24 13:19:59,145 ] 114 root - INFO - Replace na value in base df
[ 2022-12-24 13:19:59,146 ] 116 root - INFO - Drop null values colums from base df
[ 2022-12-24 13:19:59,147 ] 45 root - INFO - selecting column name which contains null above to 0.2
[ 2022-12-24 13:19:59,148 ] 48 root - INFO - Columns to drop: []
[ 2022-12-24 13:19:59,149 ] 119 root - INFO - Reading train dataframe
[ 2022-12-24 13:19:59,152 ] 121 root - INFO - Reading test dataframe
[ 2022-12-24 13:19:59,154 ] 124 root - INFO - Drop null values colums from train df
[ 2022-12-24 13:19:59,157 ] 45 root - INFO - selecting column name which contains null above to 0.2
[ 2022-12-24 13:19:59,157 ] 48 root - INFO - Columns to drop: []
[ 2022-12-24 13:19:59,158 ] 126 root - INFO - Drop null values colums from test df
[ 2022-12-24 13:19:59,159 ] 45 root - INFO - selecting column name which contains null above to 0.2
[ 2022-12-24 13:19:59,159 ] 48 root - INFO - Columns to drop: []
[ 2022-12-24 13:19:59,160 ] 135 root - INFO - Is all required columns present in train df
[ 2022-12-24 13:19:59,160 ] 137 root - INFO - Is all required columns present in test df
[ 2022-12-24 13:19:59,160 ] 141 root - INFO - As all column are available in train df hence detecting data drift
[ 2022-12-24 13:19:59,160 ] 89 root - INFO - Hypothesis age: int64, int64 
[ 2022-12-24 13:19:59,161 ] 89 root - INFO - Hypothesis sex: object, object 
[ 2022-12-24 13:19:59,165 ] 89 root - INFO - Hypothesis bmi: float64, float64 
[ 2022-12-24 13:19:59,166 ] 89 root - INFO - Hypothesis children: int64, int64 
[ 2022-12-24 13:19:59,167 ] 89 root - INFO - Hypothesis smoker: object, object 
[ 2022-12-24 13:19:59,171 ] 89 root - INFO - Hypothesis region: object, object 
[ 2022-12-24 13:19:59,176 ] 89 root - INFO - Hypothesis expenses: float64, float64 
[ 2022-12-24 13:19:59,178 ] 144 root - INFO - As all column are available in test df hence detecting data drift
[ 2022-12-24 13:19:59,178 ] 89 root - INFO - Hypothesis age: int64, int64 
[ 2022-12-24 13:19:59,178 ] 89 root - INFO - Hypothesis sex: object, object 
[ 2022-12-24 13:19:59,181 ] 89 root - INFO - Hypothesis bmi: float64, float64 
[ 2022-12-24 13:19:59,182 ] 89 root - INFO - Hypothesis children: int64, int64 
[ 2022-12-24 13:19:59,182 ] 89 root - INFO - Hypothesis smoker: object, object 
[ 2022-12-24 13:19:59,185 ] 89 root - INFO - Hypothesis region: object, object 
[ 2022-12-24 13:19:59,187 ] 89 root - INFO - Hypothesis expenses: float64, float64 
[ 2022-12-24 13:19:59,188 ] 148 root - INFO - Write reprt in yaml file
[ 2022-12-24 13:19:59,193 ] 153 root - INFO - Data validation artifact: DataValidationArtifact(report_file_path='/config/workspace/artifact/12242022__131959/data_validation/report.yaml')
[ 2022-12-24 13:19:59,193 ] 26 root - INFO - >>>>>>>>>>>>>>>>>>>>>>>>>>>>>>>>>>>>>>>> Data Transformation <<<<<<<<<<<<<<<<<<<<<<<<<<<<<<<<<<<<<<<<
[ 2022-12-24 13:19:59,231 ] 54 root - INFO - Entered the save_object method of utils
[ 2022-12-24 13:19:59,234 ] 58 root - INFO - Exited the save_object method of utils
