[ 2022-12-24 12:09:50,752 ] 16 root - INFO - >>>>>>>>>>>>>>>>>>>>>>>>>>>>>>>>>>>>>>>> Data Ingestion <<<<<<<<<<<<<<<<<<<<<<<<<<<<<<<<<<<<<<<<
[ 2022-12-24 12:09:50,752 ] 23 root - INFO - Exporting collection data as pandas dataframe
[ 2022-12-24 12:09:50,752 ] 21 root - INFO - Reading data from database: ipp and collection: insurance
[ 2022-12-24 12:09:50,765 ] 23 root - INFO - Found columns: Index(['_id', 'age', 'sex', 'bmi', 'children', 'smoker', 'region', 'expenses'], dtype='object')
[ 2022-12-24 12:09:50,765 ] 25 root - INFO - Dropping column: _id 
[ 2022-12-24 12:09:50,766 ] 27 root - INFO - Row and columns in df: (1338, 7)
[ 2022-12-24 12:09:50,767 ] 29 root - INFO - Save data in feature store
[ 2022-12-24 12:09:50,767 ] 35 root - INFO - Create feature store folder if not available
[ 2022-12-24 12:09:50,768 ] 39 root - INFO - Save df to feature store folder
[ 2022-12-24 12:09:50,775 ] 44 root - INFO - split dataset into train and test set
[ 2022-12-24 12:09:50,776 ] 48 root - INFO - create dataset directory folder if not available
[ 2022-12-24 12:09:50,777 ] 53 root - INFO - Save df to feature store folder
[ 2022-12-24 12:09:50,783 ] 65 root - INFO - Data ingestion artifact: DataIngestionArtifact(feature_store_file_path='/config/workspace/artifact/12242022__120950/data_ingestion/feature_store/insurance.csv', train_file_path='/config/workspace/artifact/12242022__120950/data_ingestion/dataset/train.csv', test_file_path='/config/workspace/artifact/12242022__120950/data_ingestion/dataset/test.csv')
[ 2022-12-24 12:09:50,784 ] 22 root - INFO - >>>>>>>>>>>>>>>>>>>>>>>>>>>>>>>>>>>>>>>> Data Validation <<<<<<<<<<<<<<<<<<<<<<<<<<<<<<<<<<<<<<<<
[ 2022-12-24 12:09:50,784 ] 111 root - INFO - Reading base dataframe
[ 2022-12-24 12:09:50,789 ] 114 root - INFO - Replace na value in base df
[ 2022-12-24 12:09:50,790 ] 116 root - INFO - Drop null values colums from base df
[ 2022-12-24 12:09:50,791 ] 45 root - INFO - selecting column name which contains null above to 0.2
[ 2022-12-24 12:09:50,792 ] 48 root - INFO - Columns to drop: []
[ 2022-12-24 12:09:50,792 ] 119 root - INFO - Reading train dataframe
[ 2022-12-24 12:09:50,795 ] 121 root - INFO - Reading test dataframe
[ 2022-12-24 12:09:50,798 ] 124 root - INFO - Drop null values colums from train df
[ 2022-12-24 12:09:50,799 ] 45 root - INFO - selecting column name which contains null above to 0.2
[ 2022-12-24 12:09:50,799 ] 48 root - INFO - Columns to drop: []
[ 2022-12-24 12:09:50,800 ] 126 root - INFO - Drop null values colums from test df
[ 2022-12-24 12:09:50,801 ] 45 root - INFO - selecting column name which contains null above to 0.2
[ 2022-12-24 12:09:50,802 ] 48 root - INFO - Columns to drop: []
[ 2022-12-24 12:09:50,802 ] 135 root - INFO - Is all required columns present in train df
[ 2022-12-24 12:09:50,802 ] 137 root - INFO - Is all required columns present in test df
[ 2022-12-24 12:09:50,803 ] 141 root - INFO - As all column are available in train df hence detecting data drift
[ 2022-12-24 12:09:50,803 ] 89 root - INFO - Hypothesis age: int64, int64 
[ 2022-12-24 12:09:50,804 ] 89 root - INFO - Hypothesis sex: object, object 
[ 2022-12-24 12:09:50,807 ] 89 root - INFO - Hypothesis bmi: float64, float64 
[ 2022-12-24 12:09:50,807 ] 89 root - INFO - Hypothesis children: int64, int64 
[ 2022-12-24 12:09:50,808 ] 89 root - INFO - Hypothesis smoker: object, object 
[ 2022-12-24 12:09:50,811 ] 89 root - INFO - Hypothesis region: object, object 
[ 2022-12-24 12:09:50,815 ] 89 root - INFO - Hypothesis expenses: float64, float64 
[ 2022-12-24 12:09:50,816 ] 144 root - INFO - As all column are available in test df hence detecting data drift
[ 2022-12-24 12:09:50,816 ] 89 root - INFO - Hypothesis age: int64, int64 
[ 2022-12-24 12:09:50,817 ] 89 root - INFO - Hypothesis sex: object, object 
[ 2022-12-24 12:09:50,819 ] 89 root - INFO - Hypothesis bmi: float64, float64 
[ 2022-12-24 12:09:50,820 ] 89 root - INFO - Hypothesis children: int64, int64 
[ 2022-12-24 12:09:50,820 ] 89 root - INFO - Hypothesis smoker: object, object 
[ 2022-12-24 12:09:50,822 ] 89 root - INFO - Hypothesis region: object, object 
[ 2022-12-24 12:09:50,825 ] 89 root - INFO - Hypothesis expenses: float64, float64 
[ 2022-12-24 12:09:50,826 ] 148 root - INFO - Write reprt in yaml file
[ 2022-12-24 12:09:50,830 ] 153 root - INFO - Data validation artifact: DataValidationArtifact(report_file_path='/config/workspace/artifact/12242022__120950/data_validation/report.yaml')
[ 2022-12-24 12:09:50,831 ] 26 root - INFO - >>>>>>>>>>>>>>>>>>>>>>>>>>>>>>>>>>>>>>>> Data Transformation <<<<<<<<<<<<<<<<<<<<<<<<<<<<<<<<<<<<<<<<
