[ 2022-12-24 13:36:03,721 ] 16 root - INFO - >>>>>>>>>>>>>>>>>>>>>>>>>>>>>>>>>>>>>>>> Data Ingestion <<<<<<<<<<<<<<<<<<<<<<<<<<<<<<<<<<<<<<<<
[ 2022-12-24 13:36:03,721 ] 23 root - INFO - Exporting collection data as pandas dataframe
[ 2022-12-24 13:36:03,721 ] 21 root - INFO - Reading data from database: ipp and collection: insurance
[ 2022-12-24 13:36:03,733 ] 23 root - INFO - Found columns: Index(['_id', 'age', 'sex', 'bmi', 'children', 'smoker', 'region', 'expenses'], dtype='object')
[ 2022-12-24 13:36:03,733 ] 25 root - INFO - Dropping column: _id 
[ 2022-12-24 13:36:03,734 ] 27 root - INFO - Row and columns in df: (1338, 7)
[ 2022-12-24 13:36:03,734 ] 29 root - INFO - Save data in feature store
[ 2022-12-24 13:36:03,734 ] 35 root - INFO - Create feature store folder if not available
[ 2022-12-24 13:36:03,735 ] 39 root - INFO - Save df to feature store folder
[ 2022-12-24 13:36:03,742 ] 44 root - INFO - split dataset into train and test set
[ 2022-12-24 13:36:03,743 ] 48 root - INFO - create dataset directory folder if not available
[ 2022-12-24 13:36:03,743 ] 53 root - INFO - Save df to feature store folder
[ 2022-12-24 13:36:03,750 ] 65 root - INFO - Data ingestion artifact: DataIngestionArtifact(feature_store_file_path='/config/workspace/artifact/12242022__133603/data_ingestion/feature_store/insurance.csv', train_file_path='/config/workspace/artifact/12242022__133603/data_ingestion/dataset/train.csv', test_file_path='/config/workspace/artifact/12242022__133603/data_ingestion/dataset/test.csv')
[ 2022-12-24 13:36:03,750 ] 22 root - INFO - >>>>>>>>>>>>>>>>>>>>>>>>>>>>>>>>>>>>>>>> Data Validation <<<<<<<<<<<<<<<<<<<<<<<<<<<<<<<<<<<<<<<<
[ 2022-12-24 13:36:03,750 ] 111 root - INFO - Reading base dataframe
[ 2022-12-24 13:36:03,755 ] 114 root - INFO - Replace na value in base df
[ 2022-12-24 13:36:03,755 ] 116 root - INFO - Drop null values colums from base df
[ 2022-12-24 13:36:03,757 ] 45 root - INFO - selecting column name which contains null above to 0.2
[ 2022-12-24 13:36:03,758 ] 48 root - INFO - Columns to drop: []
[ 2022-12-24 13:36:03,758 ] 119 root - INFO - Reading train dataframe
[ 2022-12-24 13:36:03,761 ] 121 root - INFO - Reading test dataframe
[ 2022-12-24 13:36:03,763 ] 124 root - INFO - Drop null values colums from train df
[ 2022-12-24 13:36:03,765 ] 45 root - INFO - selecting column name which contains null above to 0.2
[ 2022-12-24 13:36:03,765 ] 48 root - INFO - Columns to drop: []
[ 2022-12-24 13:36:03,766 ] 126 root - INFO - Drop null values colums from test df
[ 2022-12-24 13:36:03,767 ] 45 root - INFO - selecting column name which contains null above to 0.2
[ 2022-12-24 13:36:03,767 ] 48 root - INFO - Columns to drop: []
[ 2022-12-24 13:36:03,768 ] 135 root - INFO - Is all required columns present in train df
[ 2022-12-24 13:36:03,768 ] 137 root - INFO - Is all required columns present in test df
[ 2022-12-24 13:36:03,768 ] 141 root - INFO - As all column are available in train df hence detecting data drift
[ 2022-12-24 13:36:03,768 ] 89 root - INFO - Hypothesis age: int64, int64 
[ 2022-12-24 13:36:03,769 ] 89 root - INFO - Hypothesis sex: object, object 
[ 2022-12-24 13:36:03,772 ] 89 root - INFO - Hypothesis bmi: float64, float64 
[ 2022-12-24 13:36:03,773 ] 89 root - INFO - Hypothesis children: int64, int64 
[ 2022-12-24 13:36:03,773 ] 89 root - INFO - Hypothesis smoker: object, object 
[ 2022-12-24 13:36:03,776 ] 89 root - INFO - Hypothesis region: object, object 
[ 2022-12-24 13:36:03,780 ] 89 root - INFO - Hypothesis expenses: float64, float64 
[ 2022-12-24 13:36:03,781 ] 144 root - INFO - As all column are available in test df hence detecting data drift
[ 2022-12-24 13:36:03,781 ] 89 root - INFO - Hypothesis age: int64, int64 
[ 2022-12-24 13:36:03,782 ] 89 root - INFO - Hypothesis sex: object, object 
[ 2022-12-24 13:36:03,784 ] 89 root - INFO - Hypothesis bmi: float64, float64 
[ 2022-12-24 13:36:03,784 ] 89 root - INFO - Hypothesis children: int64, int64 
[ 2022-12-24 13:36:03,785 ] 89 root - INFO - Hypothesis smoker: object, object 
[ 2022-12-24 13:36:03,787 ] 89 root - INFO - Hypothesis region: object, object 
[ 2022-12-24 13:36:03,789 ] 89 root - INFO - Hypothesis expenses: float64, float64 
[ 2022-12-24 13:36:03,790 ] 148 root - INFO - Write reprt in yaml file
[ 2022-12-24 13:36:03,794 ] 153 root - INFO - Data validation artifact: DataValidationArtifact(report_file_path='/config/workspace/artifact/12242022__133603/data_validation/report.yaml')
[ 2022-12-24 13:36:03,794 ] 26 root - INFO - >>>>>>>>>>>>>>>>>>>>>>>>>>>>>>>>>>>>>>>> Data Transformation <<<<<<<<<<<<<<<<<<<<<<<<<<<<<<<<<<<<<<<<
[ 2022-12-24 13:36:03,826 ] 54 root - INFO - Entered the save_object method of utils
[ 2022-12-24 13:36:03,829 ] 58 root - INFO - Exited the save_object method of utils
[ 2022-12-24 13:36:03,829 ] 54 root - INFO - Entered the save_object method of utils
[ 2022-12-24 13:36:03,830 ] 58 root - INFO - Exited the save_object method of utils
[ 2022-12-24 13:36:03,830 ] 125 root - INFO - Data transformation object DataTransformationArtifact(transform_object_path='/config/workspace/artifact/12242022__133603/data_transformation/transformer/transformer.pkl', transformed_train_path='/config/workspace/artifact/12242022__133603/data_transformation/transformed/train.npz', transformed_test_path='/config/workspace/artifact/12242022__133603/data_transformation/transformed/test.npz', transformed_target_path='/config/workspace/artifact/12242022__133603/data_transformation/transformer_target/target_transformer.pkl')
