[ 2022-12-24 13:58:39,589 ] 16 root - INFO - >>>>>>>>>>>>>>>>>>>>>>>>>>>>>>>>>>>>>>>> Data Ingestion <<<<<<<<<<<<<<<<<<<<<<<<<<<<<<<<<<<<<<<<
[ 2022-12-24 13:58:39,589 ] 23 root - INFO - Exporting collection data as pandas dataframe
[ 2022-12-24 13:58:39,589 ] 21 root - INFO - Reading data from database: ipp and collection: insurance
[ 2022-12-24 13:58:39,603 ] 23 root - INFO - Found columns: Index(['_id', 'age', 'sex', 'bmi', 'children', 'smoker', 'region', 'expenses'], dtype='object')
[ 2022-12-24 13:58:39,603 ] 25 root - INFO - Dropping column: _id 
[ 2022-12-24 13:58:39,605 ] 27 root - INFO - Row and columns in df: (1338, 7)
[ 2022-12-24 13:58:39,605 ] 29 root - INFO - Save data in feature store
[ 2022-12-24 13:58:39,606 ] 35 root - INFO - Create feature store folder if not available
[ 2022-12-24 13:58:39,606 ] 39 root - INFO - Save df to feature store folder
[ 2022-12-24 13:58:39,617 ] 44 root - INFO - split dataset into train and test set
[ 2022-12-24 13:58:39,620 ] 48 root - INFO - create dataset directory folder if not available
[ 2022-12-24 13:58:39,620 ] 53 root - INFO - Save df to feature store folder
[ 2022-12-24 13:58:39,631 ] 65 root - INFO - Data ingestion artifact: DataIngestionArtifact(feature_store_file_path='/config/workspace/artifact/12242022__135839/data_ingestion/feature_store/insurance.csv', train_file_path='/config/workspace/artifact/12242022__135839/data_ingestion/dataset/train.csv', test_file_path='/config/workspace/artifact/12242022__135839/data_ingestion/dataset/test.csv')
[ 2022-12-24 13:58:39,631 ] 22 root - INFO - >>>>>>>>>>>>>>>>>>>>>>>>>>>>>>>>>>>>>>>> Data Validation <<<<<<<<<<<<<<<<<<<<<<<<<<<<<<<<<<<<<<<<
[ 2022-12-24 13:58:39,631 ] 111 root - INFO - Reading base dataframe
[ 2022-12-24 13:58:39,639 ] 114 root - INFO - Replace na value in base df
[ 2022-12-24 13:58:39,640 ] 116 root - INFO - Drop null values colums from base df
[ 2022-12-24 13:58:39,642 ] 45 root - INFO - selecting column name which contains null above to 0.2
[ 2022-12-24 13:58:39,642 ] 48 root - INFO - Columns to drop: []
[ 2022-12-24 13:58:39,643 ] 119 root - INFO - Reading train dataframe
[ 2022-12-24 13:58:39,646 ] 121 root - INFO - Reading test dataframe
[ 2022-12-24 13:58:39,649 ] 124 root - INFO - Drop null values colums from train df
[ 2022-12-24 13:58:39,650 ] 45 root - INFO - selecting column name which contains null above to 0.2
[ 2022-12-24 13:58:39,651 ] 48 root - INFO - Columns to drop: []
[ 2022-12-24 13:58:39,651 ] 126 root - INFO - Drop null values colums from test df
[ 2022-12-24 13:58:39,653 ] 45 root - INFO - selecting column name which contains null above to 0.2
[ 2022-12-24 13:58:39,653 ] 48 root - INFO - Columns to drop: []
[ 2022-12-24 13:58:39,654 ] 135 root - INFO - Is all required columns present in train df
[ 2022-12-24 13:58:39,654 ] 137 root - INFO - Is all required columns present in test df
[ 2022-12-24 13:58:39,654 ] 141 root - INFO - As all column are available in train df hence detecting data drift
[ 2022-12-24 13:58:39,654 ] 89 root - INFO - Hypothesis age: int64, int64 
[ 2022-12-24 13:58:39,655 ] 89 root - INFO - Hypothesis sex: object, object 
[ 2022-12-24 13:58:39,658 ] 89 root - INFO - Hypothesis bmi: float64, float64 
[ 2022-12-24 13:58:39,659 ] 89 root - INFO - Hypothesis children: int64, int64 
[ 2022-12-24 13:58:39,659 ] 89 root - INFO - Hypothesis smoker: object, object 
[ 2022-12-24 13:58:39,662 ] 89 root - INFO - Hypothesis region: object, object 
[ 2022-12-24 13:58:39,666 ] 89 root - INFO - Hypothesis expenses: float64, float64 
[ 2022-12-24 13:58:39,667 ] 144 root - INFO - As all column are available in test df hence detecting data drift
[ 2022-12-24 13:58:39,667 ] 89 root - INFO - Hypothesis age: int64, int64 
[ 2022-12-24 13:58:39,667 ] 89 root - INFO - Hypothesis sex: object, object 
[ 2022-12-24 13:58:39,669 ] 89 root - INFO - Hypothesis bmi: float64, float64 
[ 2022-12-24 13:58:39,670 ] 89 root - INFO - Hypothesis children: int64, int64 
[ 2022-12-24 13:58:39,671 ] 89 root - INFO - Hypothesis smoker: object, object 
[ 2022-12-24 13:58:39,673 ] 89 root - INFO - Hypothesis region: object, object 
[ 2022-12-24 13:58:39,675 ] 89 root - INFO - Hypothesis expenses: float64, float64 
[ 2022-12-24 13:58:39,676 ] 148 root - INFO - Write reprt in yaml file
[ 2022-12-24 13:58:39,681 ] 153 root - INFO - Data validation artifact: DataValidationArtifact(report_file_path='/config/workspace/artifact/12242022__135839/data_validation/report.yaml')
[ 2022-12-24 13:58:39,681 ] 26 root - INFO - >>>>>>>>>>>>>>>>>>>>>>>>>>>>>>>>>>>>>>>> Data Transformation <<<<<<<<<<<<<<<<<<<<<<<<<<<<<<<<<<<<<<<<
[ 2022-12-24 13:58:39,712 ] 54 root - INFO - Entered the save_object method of utils
[ 2022-12-24 13:58:39,714 ] 58 root - INFO - Exited the save_object method of utils
[ 2022-12-24 13:58:39,714 ] 54 root - INFO - Entered the save_object method of utils
[ 2022-12-24 13:58:39,715 ] 58 root - INFO - Exited the save_object method of utils
[ 2022-12-24 13:58:39,716 ] 125 root - INFO - Data transformation object DataTransformationArtifact(transform_object_path='/config/workspace/artifact/12242022__135839/data_transformation/transformer/transformer.pkl', transformed_train_path='/config/workspace/artifact/12242022__135839/data_transformation/transformed/train.npz', transformed_test_path='/config/workspace/artifact/12242022__135839/data_transformation/transformed/test.npz', transformed_target_path='/config/workspace/artifact/12242022__135839/data_transformation/transformer_target/target_transformer.pkl')
[ 2022-12-24 13:58:39,716 ] 18 root - INFO - >>>>>>>>>>>>>>>>>>>>>>>>>>>>>>>>>>>>>>>> Model Trainer <<<<<<<<<<<<<<<<<<<<<<<<<<<<<<<<<<<<<<<<
[ 2022-12-24 13:58:39,716 ] 49 root - INFO - Loading train and test array.
[ 2022-12-24 13:58:39,721 ] 53 root - INFO - Splitting input and target feature from both train and test arr.
[ 2022-12-24 13:58:39,721 ] 57 root - INFO - Train the model
[ 2022-12-24 13:58:39,795 ] 60 root - INFO - Calculating r2 train score
[ 2022-12-24 13:58:39,802 ] 64 root - INFO - Calculating r1 test score
[ 2022-12-24 13:58:39,807 ] 68 root - INFO - train score:0.8818509894520477 and tests score 0.8774829258707841
[ 2022-12-24 13:58:39,807 ] 70 root - INFO - Checking if our model is underfitting or not
[ 2022-12-24 13:58:39,807 ] 75 root - INFO - Checking if our model is overfiiting or not
[ 2022-12-24 13:58:39,807 ] 82 root - INFO - Saving mode object
[ 2022-12-24 13:58:39,807 ] 54 root - INFO - Entered the save_object method of utils
[ 2022-12-24 13:58:39,822 ] 58 root - INFO - Exited the save_object method of utils
[ 2022-12-24 13:58:39,822 ] 86 root - INFO - Prepare the artifact
[ 2022-12-24 13:58:39,822 ] 89 root - INFO - Model trainer artifact: ModelTrainerArtifact(model_path='/config/workspace/artifact/12242022__135839/model_trainer/model/model.pkl', r2_train_score=0.8818509894520477, r2_test_score=0.8774829258707841)
[ 2022-12-24 13:58:39,823 ] 19 root - INFO - >>>>>>>>>>>>>>>>>>>>>>>>>>>>>>>>>>>>>>>>  Model Evaluation <<<<<<<<<<<<<<<<<<<<<<<<<<<<<<<<<<<<<<<<
[ 2022-12-24 13:58:39,823 ] 35 root - INFO - if saved model folder has model the we will compare which model is best trained or the model from saved model folder
[ 2022-12-24 13:58:39,823 ] 41 root - INFO - Model evaluation artifact: ModelEvaluationArtifact(is_model_accepted=True, improved_accuracy=None)
