[ 2022-12-24 12:40:38,638 ] 16 root - INFO - >>>>>>>>>>>>>>>>>>>>>>>>>>>>>>>>>>>>>>>> Data Ingestion <<<<<<<<<<<<<<<<<<<<<<<<<<<<<<<<<<<<<<<<
[ 2022-12-24 12:40:38,638 ] 23 root - INFO - Exporting collection data as pandas dataframe
[ 2022-12-24 12:40:38,638 ] 21 root - INFO - Reading data from database: ipp and collection: insurance
[ 2022-12-24 12:40:38,650 ] 23 root - INFO - Found columns: Index(['_id', 'age', 'sex', 'bmi', 'children', 'smoker', 'region', 'expenses'], dtype='object')
[ 2022-12-24 12:40:38,651 ] 25 root - INFO - Dropping column: _id 
[ 2022-12-24 12:40:38,652 ] 27 root - INFO - Row and columns in df: (1338, 7)
[ 2022-12-24 12:40:38,652 ] 29 root - INFO - Save data in feature store
[ 2022-12-24 12:40:38,652 ] 35 root - INFO - Create feature store folder if not available
[ 2022-12-24 12:40:38,653 ] 39 root - INFO - Save df to feature store folder
[ 2022-12-24 12:40:38,660 ] 44 root - INFO - split dataset into train and test set
[ 2022-12-24 12:40:38,662 ] 48 root - INFO - create dataset directory folder if not available
[ 2022-12-24 12:40:38,662 ] 53 root - INFO - Save df to feature store folder
[ 2022-12-24 12:40:38,670 ] 65 root - INFO - Data ingestion artifact: DataIngestionArtifact(feature_store_file_path='/config/workspace/artifact/12242022__124038/data_ingestion/feature_store/insurance.csv', train_file_path='/config/workspace/artifact/12242022__124038/data_ingestion/dataset/train.csv', test_file_path='/config/workspace/artifact/12242022__124038/data_ingestion/dataset/test.csv')
[ 2022-12-24 12:40:38,670 ] 22 root - INFO - >>>>>>>>>>>>>>>>>>>>>>>>>>>>>>>>>>>>>>>> Data Validation <<<<<<<<<<<<<<<<<<<<<<<<<<<<<<<<<<<<<<<<
[ 2022-12-24 12:40:38,671 ] 111 root - INFO - Reading base dataframe
[ 2022-12-24 12:40:38,676 ] 114 root - INFO - Replace na value in base df
[ 2022-12-24 12:40:38,676 ] 116 root - INFO - Drop null values colums from base df
[ 2022-12-24 12:40:38,678 ] 45 root - INFO - selecting column name which contains null above to 0.2
[ 2022-12-24 12:40:38,678 ] 48 root - INFO - Columns to drop: []
[ 2022-12-24 12:40:38,679 ] 119 root - INFO - Reading train dataframe
[ 2022-12-24 12:40:38,682 ] 121 root - INFO - Reading test dataframe
[ 2022-12-24 12:40:38,685 ] 124 root - INFO - Drop null values colums from train df
[ 2022-12-24 12:40:38,687 ] 45 root - INFO - selecting column name which contains null above to 0.2
[ 2022-12-24 12:40:38,687 ] 48 root - INFO - Columns to drop: []
[ 2022-12-24 12:40:38,688 ] 126 root - INFO - Drop null values colums from test df
[ 2022-12-24 12:40:38,689 ] 45 root - INFO - selecting column name which contains null above to 0.2
[ 2022-12-24 12:40:38,689 ] 48 root - INFO - Columns to drop: []
[ 2022-12-24 12:40:38,690 ] 135 root - INFO - Is all required columns present in train df
[ 2022-12-24 12:40:38,690 ] 137 root - INFO - Is all required columns present in test df
[ 2022-12-24 12:40:38,690 ] 141 root - INFO - As all column are available in train df hence detecting data drift
[ 2022-12-24 12:40:38,690 ] 89 root - INFO - Hypothesis age: int64, int64 
[ 2022-12-24 12:40:38,691 ] 89 root - INFO - Hypothesis sex: object, object 
[ 2022-12-24 12:40:38,694 ] 89 root - INFO - Hypothesis bmi: float64, float64 
[ 2022-12-24 12:40:38,695 ] 89 root - INFO - Hypothesis children: int64, int64 
[ 2022-12-24 12:40:38,695 ] 89 root - INFO - Hypothesis smoker: object, object 
[ 2022-12-24 12:40:38,698 ] 89 root - INFO - Hypothesis region: object, object 
[ 2022-12-24 12:40:38,702 ] 89 root - INFO - Hypothesis expenses: float64, float64 
[ 2022-12-24 12:40:38,703 ] 144 root - INFO - As all column are available in test df hence detecting data drift
[ 2022-12-24 12:40:38,703 ] 89 root - INFO - Hypothesis age: int64, int64 
[ 2022-12-24 12:40:38,704 ] 89 root - INFO - Hypothesis sex: object, object 
[ 2022-12-24 12:40:38,706 ] 89 root - INFO - Hypothesis bmi: float64, float64 
[ 2022-12-24 12:40:38,706 ] 89 root - INFO - Hypothesis children: int64, int64 
[ 2022-12-24 12:40:38,707 ] 89 root - INFO - Hypothesis smoker: object, object 
[ 2022-12-24 12:40:38,709 ] 89 root - INFO - Hypothesis region: object, object 
[ 2022-12-24 12:40:38,711 ] 89 root - INFO - Hypothesis expenses: float64, float64 
[ 2022-12-24 12:40:38,712 ] 148 root - INFO - Write reprt in yaml file
[ 2022-12-24 12:40:38,717 ] 153 root - INFO - Data validation artifact: DataValidationArtifact(report_file_path='/config/workspace/artifact/12242022__124038/data_validation/report.yaml')
[ 2022-12-24 12:40:38,717 ] 26 root - INFO - >>>>>>>>>>>>>>>>>>>>>>>>>>>>>>>>>>>>>>>> Data Transformation <<<<<<<<<<<<<<<<<<<<<<<<<<<<<<<<<<<<<<<<
