[ 2022-12-24 13:08:26,185 ] 16 root - INFO - >>>>>>>>>>>>>>>>>>>>>>>>>>>>>>>>>>>>>>>> Data Ingestion <<<<<<<<<<<<<<<<<<<<<<<<<<<<<<<<<<<<<<<<
[ 2022-12-24 13:08:26,185 ] 23 root - INFO - Exporting collection data as pandas dataframe
[ 2022-12-24 13:08:26,185 ] 21 root - INFO - Reading data from database: ipp and collection: insurance
[ 2022-12-24 13:08:26,208 ] 23 root - INFO - Found columns: Index(['_id', 'age', 'sex', 'bmi', 'children', 'smoker', 'region', 'expenses'], dtype='object')
[ 2022-12-24 13:08:26,208 ] 25 root - INFO - Dropping column: _id 
[ 2022-12-24 13:08:26,209 ] 27 root - INFO - Row and columns in df: (2676, 7)
[ 2022-12-24 13:08:26,209 ] 29 root - INFO - Save data in feature store
[ 2022-12-24 13:08:26,210 ] 35 root - INFO - Create feature store folder if not available
[ 2022-12-24 13:08:26,210 ] 39 root - INFO - Save df to feature store folder
[ 2022-12-24 13:08:26,223 ] 44 root - INFO - split dataset into train and test set
[ 2022-12-24 13:08:26,225 ] 48 root - INFO - create dataset directory folder if not available
[ 2022-12-24 13:08:26,225 ] 53 root - INFO - Save df to feature store folder
[ 2022-12-24 13:08:26,237 ] 65 root - INFO - Data ingestion artifact: DataIngestionArtifact(feature_store_file_path='/config/workspace/artifact/12242022__130826/data_ingestion/feature_store/insurance.csv', train_file_path='/config/workspace/artifact/12242022__130826/data_ingestion/dataset/train.csv', test_file_path='/config/workspace/artifact/12242022__130826/data_ingestion/dataset/test.csv')
[ 2022-12-24 13:08:26,238 ] 22 root - INFO - >>>>>>>>>>>>>>>>>>>>>>>>>>>>>>>>>>>>>>>> Data Validation <<<<<<<<<<<<<<<<<<<<<<<<<<<<<<<<<<<<<<<<
[ 2022-12-24 13:08:26,238 ] 111 root - INFO - Reading base dataframe
[ 2022-12-24 13:08:26,243 ] 114 root - INFO - Replace na value in base df
[ 2022-12-24 13:08:26,243 ] 116 root - INFO - Drop null values colums from base df
[ 2022-12-24 13:08:26,245 ] 45 root - INFO - selecting column name which contains null above to 0.2
[ 2022-12-24 13:08:26,245 ] 48 root - INFO - Columns to drop: []
[ 2022-12-24 13:08:26,246 ] 119 root - INFO - Reading train dataframe
[ 2022-12-24 13:08:26,250 ] 121 root - INFO - Reading test dataframe
[ 2022-12-24 13:08:26,252 ] 124 root - INFO - Drop null values colums from train df
[ 2022-12-24 13:08:26,254 ] 45 root - INFO - selecting column name which contains null above to 0.2
[ 2022-12-24 13:08:26,255 ] 48 root - INFO - Columns to drop: []
[ 2022-12-24 13:08:26,255 ] 126 root - INFO - Drop null values colums from test df
[ 2022-12-24 13:08:26,257 ] 45 root - INFO - selecting column name which contains null above to 0.2
[ 2022-12-24 13:08:26,257 ] 48 root - INFO - Columns to drop: []
[ 2022-12-24 13:08:26,257 ] 135 root - INFO - Is all required columns present in train df
[ 2022-12-24 13:08:26,258 ] 137 root - INFO - Is all required columns present in test df
[ 2022-12-24 13:08:26,258 ] 141 root - INFO - As all column are available in train df hence detecting data drift
[ 2022-12-24 13:08:26,258 ] 89 root - INFO - Hypothesis age: int64, int64 
[ 2022-12-24 13:08:26,259 ] 89 root - INFO - Hypothesis sex: object, object 
[ 2022-12-24 13:08:26,263 ] 89 root - INFO - Hypothesis bmi: float64, float64 
[ 2022-12-24 13:08:26,264 ] 89 root - INFO - Hypothesis children: int64, int64 
[ 2022-12-24 13:08:26,265 ] 89 root - INFO - Hypothesis smoker: object, object 
[ 2022-12-24 13:08:26,269 ] 89 root - INFO - Hypothesis region: object, object 
[ 2022-12-24 13:08:26,274 ] 89 root - INFO - Hypothesis expenses: float64, float64 
[ 2022-12-24 13:08:26,275 ] 144 root - INFO - As all column are available in test df hence detecting data drift
[ 2022-12-24 13:08:26,275 ] 89 root - INFO - Hypothesis age: int64, int64 
[ 2022-12-24 13:08:26,276 ] 89 root - INFO - Hypothesis sex: object, object 
[ 2022-12-24 13:08:26,278 ] 89 root - INFO - Hypothesis bmi: float64, float64 
[ 2022-12-24 13:08:26,279 ] 89 root - INFO - Hypothesis children: int64, int64 
[ 2022-12-24 13:08:26,280 ] 89 root - INFO - Hypothesis smoker: object, object 
[ 2022-12-24 13:08:26,282 ] 89 root - INFO - Hypothesis region: object, object 
[ 2022-12-24 13:08:26,285 ] 89 root - INFO - Hypothesis expenses: float64, float64 
[ 2022-12-24 13:08:26,286 ] 148 root - INFO - Write reprt in yaml file
[ 2022-12-24 13:08:26,292 ] 153 root - INFO - Data validation artifact: DataValidationArtifact(report_file_path='/config/workspace/artifact/12242022__130826/data_validation/report.yaml')
[ 2022-12-24 13:08:26,292 ] 26 root - INFO - >>>>>>>>>>>>>>>>>>>>>>>>>>>>>>>>>>>>>>>> Data Transformation <<<<<<<<<<<<<<<<<<<<<<<<<<<<<<<<<<<<<<<<
[ 2022-12-24 13:08:26,329 ] 54 root - INFO - Entered the save_object method of utils
[ 2022-12-24 13:08:26,332 ] 58 root - INFO - Exited the save_object method of utils
[ 2022-12-24 13:08:26,332 ] 54 root - INFO - Entered the save_object method of utils
[ 2022-12-24 13:08:26,333 ] 58 root - INFO - Exited the save_object method of utils
