[ 2022-12-24 10:46:24,879 ] 16 root - INFO - >>>>>>>>>>>>>>>>>>>>>>>>>>>>>>>>>>>>>>>> Data Ingestion <<<<<<<<<<<<<<<<<<<<<<<<<<<<<<<<<<<<<<<<
[ 2022-12-24 10:46:24,879 ] 23 root - INFO - Exporting collection data as pandas dataframe
[ 2022-12-24 10:46:24,879 ] 21 root - INFO - Reading data from database: ipp and collection: insurance
[ 2022-12-24 10:46:24,891 ] 23 root - INFO - Found columns: Index(['_id', 'age', 'sex', 'bmi', 'children', 'smoker', 'region', 'expenses'], dtype='object')
[ 2022-12-24 10:46:24,891 ] 25 root - INFO - Dropping column: _id 
[ 2022-12-24 10:46:24,893 ] 27 root - INFO - Row and columns in df: (1338, 7)
[ 2022-12-24 10:46:24,893 ] 29 root - INFO - Save data in feature store
[ 2022-12-24 10:46:24,893 ] 35 root - INFO - Create feature store folder if not available
[ 2022-12-24 10:46:24,893 ] 39 root - INFO - Save df to feature store folder
[ 2022-12-24 10:46:24,901 ] 44 root - INFO - split dataset into train and test set
[ 2022-12-24 10:46:24,902 ] 48 root - INFO - create dataset directory folder if not available
[ 2022-12-24 10:46:24,902 ] 53 root - INFO - Save df to feature store folder
[ 2022-12-24 10:46:24,909 ] 65 root - INFO - Data ingestion artifact: DataIngestionArtifact(feature_store_file_path='/config/workspace/artifact/12242022__104624/data_ingestion/feature_store/insurance.csv', train_file_path='/config/workspace/artifact/12242022__104624/data_ingestion/dataset/train.csv', test_file_path='/config/workspace/artifact/12242022__104624/data_ingestion/dataset/test.csv')
[ 2022-12-24 10:46:24,909 ] 22 root - INFO - >>>>>>>>>>>>>>>>>>>>>>>>>>>>>>>>>>>>>>>> Data Validation <<<<<<<<<<<<<<<<<<<<<<<<<<<<<<<<<<<<<<<<
[ 2022-12-24 10:46:24,909 ] 111 root - INFO - Reading base dataframe
[ 2022-12-24 10:46:24,915 ] 114 root - INFO - Replace na value in base df
[ 2022-12-24 10:46:24,915 ] 116 root - INFO - Drop null values colums from base df
[ 2022-12-24 10:46:24,917 ] 45 root - INFO - selecting column name which contains null above to 0.2
[ 2022-12-24 10:46:24,917 ] 48 root - INFO - Columns to drop: []
[ 2022-12-24 10:46:24,918 ] 119 root - INFO - Reading train dataframe
[ 2022-12-24 10:46:24,920 ] 121 root - INFO - Reading test dataframe
[ 2022-12-24 10:46:24,923 ] 124 root - INFO - Drop null values colums from train df
[ 2022-12-24 10:46:24,924 ] 45 root - INFO - selecting column name which contains null above to 0.2
[ 2022-12-24 10:46:24,924 ] 48 root - INFO - Columns to drop: []
[ 2022-12-24 10:46:24,925 ] 126 root - INFO - Drop null values colums from test df
[ 2022-12-24 10:46:24,926 ] 45 root - INFO - selecting column name which contains null above to 0.2
[ 2022-12-24 10:46:24,926 ] 48 root - INFO - Columns to drop: []
[ 2022-12-24 10:46:24,927 ] 135 root - INFO - Is all required columns present in train df
[ 2022-12-24 10:46:24,927 ] 137 root - INFO - Is all required columns present in test df
[ 2022-12-24 10:46:24,927 ] 141 root - INFO - As all column are available in train df hence detecting data drift
[ 2022-12-24 10:46:24,928 ] 89 root - INFO - Hypothesis age: int64, int64 
[ 2022-12-24 10:46:24,928 ] 89 root - INFO - Hypothesis sex: object, object 
[ 2022-12-24 10:46:24,931 ] 89 root - INFO - Hypothesis bmi: float64, float64 
[ 2022-12-24 10:46:24,932 ] 89 root - INFO - Hypothesis children: int64, int64 
[ 2022-12-24 10:46:24,933 ] 89 root - INFO - Hypothesis smoker: object, object 
[ 2022-12-24 10:46:24,935 ] 89 root - INFO - Hypothesis region: object, object 
[ 2022-12-24 10:46:24,939 ] 89 root - INFO - Hypothesis expenses: float64, float64 
[ 2022-12-24 10:46:24,940 ] 144 root - INFO - As all column are available in test df hence detecting data drift
[ 2022-12-24 10:46:24,940 ] 89 root - INFO - Hypothesis age: int64, int64 
[ 2022-12-24 10:46:24,941 ] 89 root - INFO - Hypothesis sex: object, object 
[ 2022-12-24 10:46:24,943 ] 89 root - INFO - Hypothesis bmi: float64, float64 
[ 2022-12-24 10:46:24,943 ] 89 root - INFO - Hypothesis children: int64, int64 
[ 2022-12-24 10:46:24,944 ] 89 root - INFO - Hypothesis smoker: object, object 
[ 2022-12-24 10:46:24,946 ] 89 root - INFO - Hypothesis region: object, object 
[ 2022-12-24 10:46:24,948 ] 89 root - INFO - Hypothesis expenses: float64, float64 
[ 2022-12-24 10:46:24,949 ] 148 root - INFO - Write reprt in yaml file
[ 2022-12-24 10:46:24,953 ] 153 root - INFO - Data validation artifact: DataValidationArtifact(report_file_path='/config/workspace/artifact/12242022__104624/data_validation/report.yaml')
[ 2022-12-24 10:46:24,953 ] 26 root - INFO - >>>>>>>>>>>>>>>>>>>>>>>>>>>>>>>>>>>>>>>> Data Transformation <<<<<<<<<<<<<<<<<<<<<<<<<<<<<<<<<<<<<<<<
