[ 2022-12-24 13:23:23,387 ] 16 root - INFO - >>>>>>>>>>>>>>>>>>>>>>>>>>>>>>>>>>>>>>>> Data Ingestion <<<<<<<<<<<<<<<<<<<<<<<<<<<<<<<<<<<<<<<<
[ 2022-12-24 13:23:23,387 ] 23 root - INFO - Exporting collection data as pandas dataframe
[ 2022-12-24 13:23:23,387 ] 21 root - INFO - Reading data from database: ipp and collection: insurance
[ 2022-12-24 13:23:23,409 ] 23 root - INFO - Found columns: Index(['_id', 'age', 'sex', 'bmi', 'children', 'smoker', 'region', 'expenses'], dtype='object')
[ 2022-12-24 13:23:23,409 ] 25 root - INFO - Dropping column: _id 
[ 2022-12-24 13:23:23,411 ] 27 root - INFO - Row and columns in df: (2676, 7)
[ 2022-12-24 13:23:23,411 ] 29 root - INFO - Save data in feature store
[ 2022-12-24 13:23:23,412 ] 35 root - INFO - Create feature store folder if not available
[ 2022-12-24 13:23:23,412 ] 39 root - INFO - Save df to feature store folder
[ 2022-12-24 13:23:23,426 ] 44 root - INFO - split dataset into train and test set
[ 2022-12-24 13:23:23,428 ] 48 root - INFO - create dataset directory folder if not available
[ 2022-12-24 13:23:23,429 ] 53 root - INFO - Save df to feature store folder
[ 2022-12-24 13:23:23,443 ] 65 root - INFO - Data ingestion artifact: DataIngestionArtifact(feature_store_file_path='/config/workspace/artifact/12242022__132323/data_ingestion/feature_store/insurance.csv', train_file_path='/config/workspace/artifact/12242022__132323/data_ingestion/dataset/train.csv', test_file_path='/config/workspace/artifact/12242022__132323/data_ingestion/dataset/test.csv')
[ 2022-12-24 13:23:23,443 ] 22 root - INFO - >>>>>>>>>>>>>>>>>>>>>>>>>>>>>>>>>>>>>>>> Data Validation <<<<<<<<<<<<<<<<<<<<<<<<<<<<<<<<<<<<<<<<
[ 2022-12-24 13:23:23,443 ] 111 root - INFO - Reading base dataframe
[ 2022-12-24 13:23:23,449 ] 114 root - INFO - Replace na value in base df
[ 2022-12-24 13:23:23,449 ] 116 root - INFO - Drop null values colums from base df
[ 2022-12-24 13:23:23,451 ] 45 root - INFO - selecting column name which contains null above to 0.2
[ 2022-12-24 13:23:23,451 ] 48 root - INFO - Columns to drop: []
[ 2022-12-24 13:23:23,452 ] 119 root - INFO - Reading train dataframe
[ 2022-12-24 13:23:23,456 ] 121 root - INFO - Reading test dataframe
[ 2022-12-24 13:23:23,458 ] 124 root - INFO - Drop null values colums from train df
[ 2022-12-24 13:23:23,461 ] 45 root - INFO - selecting column name which contains null above to 0.2
[ 2022-12-24 13:23:23,461 ] 48 root - INFO - Columns to drop: []
[ 2022-12-24 13:23:23,462 ] 126 root - INFO - Drop null values colums from test df
[ 2022-12-24 13:23:23,463 ] 45 root - INFO - selecting column name which contains null above to 0.2
[ 2022-12-24 13:23:23,463 ] 48 root - INFO - Columns to drop: []
[ 2022-12-24 13:23:23,464 ] 135 root - INFO - Is all required columns present in train df
[ 2022-12-24 13:23:23,464 ] 137 root - INFO - Is all required columns present in test df
[ 2022-12-24 13:23:23,464 ] 141 root - INFO - As all column are available in train df hence detecting data drift
[ 2022-12-24 13:23:23,465 ] 89 root - INFO - Hypothesis age: int64, int64 
[ 2022-12-24 13:23:23,466 ] 89 root - INFO - Hypothesis sex: object, object 
[ 2022-12-24 13:23:23,469 ] 89 root - INFO - Hypothesis bmi: float64, float64 
[ 2022-12-24 13:23:23,471 ] 89 root - INFO - Hypothesis children: int64, int64 
[ 2022-12-24 13:23:23,471 ] 89 root - INFO - Hypothesis smoker: object, object 
[ 2022-12-24 13:23:23,476 ] 89 root - INFO - Hypothesis region: object, object 
[ 2022-12-24 13:23:23,481 ] 89 root - INFO - Hypothesis expenses: float64, float64 
[ 2022-12-24 13:23:23,482 ] 144 root - INFO - As all column are available in test df hence detecting data drift
[ 2022-12-24 13:23:23,483 ] 89 root - INFO - Hypothesis age: int64, int64 
[ 2022-12-24 13:23:23,483 ] 89 root - INFO - Hypothesis sex: object, object 
[ 2022-12-24 13:23:23,486 ] 89 root - INFO - Hypothesis bmi: float64, float64 
[ 2022-12-24 13:23:23,487 ] 89 root - INFO - Hypothesis children: int64, int64 
[ 2022-12-24 13:23:23,487 ] 89 root - INFO - Hypothesis smoker: object, object 
[ 2022-12-24 13:23:23,490 ] 89 root - INFO - Hypothesis region: object, object 
[ 2022-12-24 13:23:23,493 ] 89 root - INFO - Hypothesis expenses: float64, float64 
[ 2022-12-24 13:23:23,494 ] 148 root - INFO - Write reprt in yaml file
[ 2022-12-24 13:23:23,498 ] 153 root - INFO - Data validation artifact: DataValidationArtifact(report_file_path='/config/workspace/artifact/12242022__132323/data_validation/report.yaml')
[ 2022-12-24 13:23:23,498 ] 26 root - INFO - >>>>>>>>>>>>>>>>>>>>>>>>>>>>>>>>>>>>>>>> Data Transformation <<<<<<<<<<<<<<<<<<<<<<<<<<<<<<<<<<<<<<<<
[ 2022-12-24 13:23:23,534 ] 54 root - INFO - Entered the save_object method of utils
[ 2022-12-24 13:23:23,537 ] 58 root - INFO - Exited the save_object method of utils
