[ 2022-12-24 13:47:57,036 ] 16 root - INFO - >>>>>>>>>>>>>>>>>>>>>>>>>>>>>>>>>>>>>>>> Data Ingestion <<<<<<<<<<<<<<<<<<<<<<<<<<<<<<<<<<<<<<<<
[ 2022-12-24 13:47:57,036 ] 23 root - INFO - Exporting collection data as pandas dataframe
[ 2022-12-24 13:47:57,037 ] 21 root - INFO - Reading data from database: ipp and collection: insurance
[ 2022-12-24 13:47:57,049 ] 23 root - INFO - Found columns: Index(['_id', 'age', 'sex', 'bmi', 'children', 'smoker', 'region', 'expenses'], dtype='object')
[ 2022-12-24 13:47:57,049 ] 25 root - INFO - Dropping column: _id 
[ 2022-12-24 13:47:57,051 ] 27 root - INFO - Row and columns in df: (1338, 7)
[ 2022-12-24 13:47:57,051 ] 29 root - INFO - Save data in feature store
[ 2022-12-24 13:47:57,051 ] 35 root - INFO - Create feature store folder if not available
[ 2022-12-24 13:47:57,051 ] 39 root - INFO - Save df to feature store folder
[ 2022-12-24 13:47:57,059 ] 44 root - INFO - split dataset into train and test set
[ 2022-12-24 13:47:57,060 ] 48 root - INFO - create dataset directory folder if not available
[ 2022-12-24 13:47:57,060 ] 53 root - INFO - Save df to feature store folder
[ 2022-12-24 13:47:57,067 ] 65 root - INFO - Data ingestion artifact: DataIngestionArtifact(feature_store_file_path='/config/workspace/artifact/12242022__134757/data_ingestion/feature_store/insurance.csv', train_file_path='/config/workspace/artifact/12242022__134757/data_ingestion/dataset/train.csv', test_file_path='/config/workspace/artifact/12242022__134757/data_ingestion/dataset/test.csv')
[ 2022-12-24 13:47:57,067 ] 22 root - INFO - >>>>>>>>>>>>>>>>>>>>>>>>>>>>>>>>>>>>>>>> Data Validation <<<<<<<<<<<<<<<<<<<<<<<<<<<<<<<<<<<<<<<<
[ 2022-12-24 13:47:57,067 ] 111 root - INFO - Reading base dataframe
[ 2022-12-24 13:47:57,073 ] 114 root - INFO - Replace na value in base df
[ 2022-12-24 13:47:57,073 ] 116 root - INFO - Drop null values colums from base df
[ 2022-12-24 13:47:57,075 ] 45 root - INFO - selecting column name which contains null above to 0.2
[ 2022-12-24 13:47:57,075 ] 48 root - INFO - Columns to drop: []
[ 2022-12-24 13:47:57,076 ] 119 root - INFO - Reading train dataframe
[ 2022-12-24 13:47:57,079 ] 121 root - INFO - Reading test dataframe
[ 2022-12-24 13:47:57,081 ] 124 root - INFO - Drop null values colums from train df
[ 2022-12-24 13:47:57,083 ] 45 root - INFO - selecting column name which contains null above to 0.2
[ 2022-12-24 13:47:57,083 ] 48 root - INFO - Columns to drop: []
[ 2022-12-24 13:47:57,084 ] 126 root - INFO - Drop null values colums from test df
[ 2022-12-24 13:47:57,085 ] 45 root - INFO - selecting column name which contains null above to 0.2
[ 2022-12-24 13:47:57,085 ] 48 root - INFO - Columns to drop: []
[ 2022-12-24 13:47:57,086 ] 135 root - INFO - Is all required columns present in train df
[ 2022-12-24 13:47:57,086 ] 137 root - INFO - Is all required columns present in test df
[ 2022-12-24 13:47:57,086 ] 141 root - INFO - As all column are available in train df hence detecting data drift
[ 2022-12-24 13:47:57,086 ] 89 root - INFO - Hypothesis age: int64, int64 
[ 2022-12-24 13:47:57,087 ] 89 root - INFO - Hypothesis sex: object, object 
[ 2022-12-24 13:47:57,090 ] 89 root - INFO - Hypothesis bmi: float64, float64 
[ 2022-12-24 13:47:57,092 ] 89 root - INFO - Hypothesis children: int64, int64 
[ 2022-12-24 13:47:57,093 ] 89 root - INFO - Hypothesis smoker: object, object 
[ 2022-12-24 13:47:57,098 ] 89 root - INFO - Hypothesis region: object, object 
[ 2022-12-24 13:47:57,102 ] 89 root - INFO - Hypothesis expenses: float64, float64 
[ 2022-12-24 13:47:57,103 ] 144 root - INFO - As all column are available in test df hence detecting data drift
[ 2022-12-24 13:47:57,103 ] 89 root - INFO - Hypothesis age: int64, int64 
[ 2022-12-24 13:47:57,104 ] 89 root - INFO - Hypothesis sex: object, object 
[ 2022-12-24 13:47:57,106 ] 89 root - INFO - Hypothesis bmi: float64, float64 
[ 2022-12-24 13:47:57,107 ] 89 root - INFO - Hypothesis children: int64, int64 
[ 2022-12-24 13:47:57,107 ] 89 root - INFO - Hypothesis smoker: object, object 
[ 2022-12-24 13:47:57,109 ] 89 root - INFO - Hypothesis region: object, object 
[ 2022-12-24 13:47:57,111 ] 89 root - INFO - Hypothesis expenses: float64, float64 
[ 2022-12-24 13:47:57,112 ] 148 root - INFO - Write reprt in yaml file
[ 2022-12-24 13:47:57,116 ] 153 root - INFO - Data validation artifact: DataValidationArtifact(report_file_path='/config/workspace/artifact/12242022__134757/data_validation/report.yaml')
[ 2022-12-24 13:47:57,117 ] 26 root - INFO - >>>>>>>>>>>>>>>>>>>>>>>>>>>>>>>>>>>>>>>> Data Transformation <<<<<<<<<<<<<<<<<<<<<<<<<<<<<<<<<<<<<<<<
[ 2022-12-24 13:47:57,151 ] 54 root - INFO - Entered the save_object method of utils
[ 2022-12-24 13:47:57,153 ] 58 root - INFO - Exited the save_object method of utils
[ 2022-12-24 13:47:57,153 ] 54 root - INFO - Entered the save_object method of utils
[ 2022-12-24 13:47:57,154 ] 58 root - INFO - Exited the save_object method of utils
[ 2022-12-24 13:47:57,155 ] 125 root - INFO - Data transformation object DataTransformationArtifact(transform_object_path='/config/workspace/artifact/12242022__134757/data_transformation/transformer/transformer.pkl', transformed_train_path='/config/workspace/artifact/12242022__134757/data_transformation/transformed/train.npz', transformed_test_path='/config/workspace/artifact/12242022__134757/data_transformation/transformed/test.npz', transformed_target_path='/config/workspace/artifact/12242022__134757/data_transformation/transformer_target/target_transformer.pkl')
[ 2022-12-24 13:47:57,155 ] 18 root - INFO - >>>>>>>>>>>>>>>>>>>>>>>>>>>>>>>>>>>>>>>> Model Trainer <<<<<<<<<<<<<<<<<<<<<<<<<<<<<<<<<<<<<<<<
[ 2022-12-24 13:47:57,155 ] 49 root - INFO - Loading train and test array.
[ 2022-12-24 13:47:57,160 ] 53 root - INFO - Splitting input and target feature from both train and test arr.
[ 2022-12-24 13:47:57,160 ] 57 root - INFO - Train the model
[ 2022-12-24 13:47:57,237 ] 60 root - INFO - Calculating r2 train score
[ 2022-12-24 13:47:57,244 ] 64 root - INFO - Calculating r1 test score
[ 2022-12-24 13:47:57,250 ] 68 root - INFO - train score:0.8818509894520477 and tests score 0.8774829258707841
[ 2022-12-24 13:47:57,250 ] 70 root - INFO - Checking if our model is underfitting or not
[ 2022-12-24 13:47:57,250 ] 75 root - INFO - Checking if our model is overfiiting or not
[ 2022-12-24 13:47:57,250 ] 82 root - INFO - Saving mode object
[ 2022-12-24 13:47:57,250 ] 54 root - INFO - Entered the save_object method of utils
[ 2022-12-24 13:47:57,266 ] 58 root - INFO - Exited the save_object method of utils
[ 2022-12-24 13:47:57,266 ] 86 root - INFO - Prepare the artifact
[ 2022-12-24 13:47:57,266 ] 89 root - INFO - Model trainer artifact: ModelTrainerArtifact(model_path='/config/workspace/artifact/12242022__134757/model_trainer/model/model.pkl', r2_train_score=0.8818509894520477, r2_test_score=0.8774829258707841)
