[ 2022-12-24 12:34:17,631 ] 16 root - INFO - >>>>>>>>>>>>>>>>>>>>>>>>>>>>>>>>>>>>>>>> Data Ingestion <<<<<<<<<<<<<<<<<<<<<<<<<<<<<<<<<<<<<<<<
[ 2022-12-24 12:34:17,631 ] 23 root - INFO - Exporting collection data as pandas dataframe
[ 2022-12-24 12:34:17,631 ] 21 root - INFO - Reading data from database: ipp and collection: insurance
[ 2022-12-24 12:34:17,643 ] 23 root - INFO - Found columns: Index(['_id', 'age', 'sex', 'bmi', 'children', 'smoker', 'region', 'expenses'], dtype='object')
[ 2022-12-24 12:34:17,643 ] 25 root - INFO - Dropping column: _id 
[ 2022-12-24 12:34:17,644 ] 27 root - INFO - Row and columns in df: (1338, 7)
[ 2022-12-24 12:34:17,644 ] 29 root - INFO - Save data in feature store
[ 2022-12-24 12:34:17,645 ] 35 root - INFO - Create feature store folder if not available
[ 2022-12-24 12:34:17,645 ] 39 root - INFO - Save df to feature store folder
[ 2022-12-24 12:34:17,653 ] 44 root - INFO - split dataset into train and test set
[ 2022-12-24 12:34:17,654 ] 48 root - INFO - create dataset directory folder if not available
[ 2022-12-24 12:34:17,654 ] 53 root - INFO - Save df to feature store folder
[ 2022-12-24 12:34:17,661 ] 65 root - INFO - Data ingestion artifact: DataIngestionArtifact(feature_store_file_path='/config/workspace/artifact/12242022__123417/data_ingestion/feature_store/insurance.csv', train_file_path='/config/workspace/artifact/12242022__123417/data_ingestion/dataset/train.csv', test_file_path='/config/workspace/artifact/12242022__123417/data_ingestion/dataset/test.csv')
[ 2022-12-24 12:34:17,661 ] 22 root - INFO - >>>>>>>>>>>>>>>>>>>>>>>>>>>>>>>>>>>>>>>> Data Validation <<<<<<<<<<<<<<<<<<<<<<<<<<<<<<<<<<<<<<<<
[ 2022-12-24 12:34:17,662 ] 111 root - INFO - Reading base dataframe
[ 2022-12-24 12:34:17,667 ] 114 root - INFO - Replace na value in base df
[ 2022-12-24 12:34:17,667 ] 116 root - INFO - Drop null values colums from base df
[ 2022-12-24 12:34:17,669 ] 45 root - INFO - selecting column name which contains null above to 0.2
[ 2022-12-24 12:34:17,670 ] 48 root - INFO - Columns to drop: []
[ 2022-12-24 12:34:17,670 ] 119 root - INFO - Reading train dataframe
[ 2022-12-24 12:34:17,673 ] 121 root - INFO - Reading test dataframe
[ 2022-12-24 12:34:17,675 ] 124 root - INFO - Drop null values colums from train df
[ 2022-12-24 12:34:17,677 ] 45 root - INFO - selecting column name which contains null above to 0.2
[ 2022-12-24 12:34:17,677 ] 48 root - INFO - Columns to drop: []
[ 2022-12-24 12:34:17,678 ] 126 root - INFO - Drop null values colums from test df
[ 2022-12-24 12:34:17,679 ] 45 root - INFO - selecting column name which contains null above to 0.2
[ 2022-12-24 12:34:17,679 ] 48 root - INFO - Columns to drop: []
[ 2022-12-24 12:34:17,680 ] 135 root - INFO - Is all required columns present in train df
[ 2022-12-24 12:34:17,680 ] 137 root - INFO - Is all required columns present in test df
[ 2022-12-24 12:34:17,680 ] 141 root - INFO - As all column are available in train df hence detecting data drift
[ 2022-12-24 12:34:17,680 ] 89 root - INFO - Hypothesis age: int64, int64 
[ 2022-12-24 12:34:17,681 ] 89 root - INFO - Hypothesis sex: object, object 
[ 2022-12-24 12:34:17,684 ] 89 root - INFO - Hypothesis bmi: float64, float64 
[ 2022-12-24 12:34:17,685 ] 89 root - INFO - Hypothesis children: int64, int64 
[ 2022-12-24 12:34:17,685 ] 89 root - INFO - Hypothesis smoker: object, object 
[ 2022-12-24 12:34:17,688 ] 89 root - INFO - Hypothesis region: object, object 
[ 2022-12-24 12:34:17,692 ] 89 root - INFO - Hypothesis expenses: float64, float64 
[ 2022-12-24 12:34:17,693 ] 144 root - INFO - As all column are available in test df hence detecting data drift
[ 2022-12-24 12:34:17,693 ] 89 root - INFO - Hypothesis age: int64, int64 
[ 2022-12-24 12:34:17,693 ] 89 root - INFO - Hypothesis sex: object, object 
[ 2022-12-24 12:34:17,695 ] 89 root - INFO - Hypothesis bmi: float64, float64 
[ 2022-12-24 12:34:17,696 ] 89 root - INFO - Hypothesis children: int64, int64 
[ 2022-12-24 12:34:17,697 ] 89 root - INFO - Hypothesis smoker: object, object 
[ 2022-12-24 12:34:17,698 ] 89 root - INFO - Hypothesis region: object, object 
[ 2022-12-24 12:34:17,701 ] 89 root - INFO - Hypothesis expenses: float64, float64 
[ 2022-12-24 12:34:17,702 ] 148 root - INFO - Write reprt in yaml file
[ 2022-12-24 12:34:17,706 ] 153 root - INFO - Data validation artifact: DataValidationArtifact(report_file_path='/config/workspace/artifact/12242022__123417/data_validation/report.yaml')
[ 2022-12-24 12:34:17,706 ] 26 root - INFO - >>>>>>>>>>>>>>>>>>>>>>>>>>>>>>>>>>>>>>>> Data Transformation <<<<<<<<<<<<<<<<<<<<<<<<<<<<<<<<<<<<<<<<
