[ 2022-12-24 10:47:36,829 ] 16 root - INFO - >>>>>>>>>>>>>>>>>>>>>>>>>>>>>>>>>>>>>>>> Data Ingestion <<<<<<<<<<<<<<<<<<<<<<<<<<<<<<<<<<<<<<<<
[ 2022-12-24 10:47:36,829 ] 23 root - INFO - Exporting collection data as pandas dataframe
[ 2022-12-24 10:47:36,829 ] 21 root - INFO - Reading data from database: ipp and collection: insurance
[ 2022-12-24 10:47:36,842 ] 23 root - INFO - Found columns: Index(['_id', 'age', 'sex', 'bmi', 'children', 'smoker', 'region', 'expenses'], dtype='object')
[ 2022-12-24 10:47:36,842 ] 25 root - INFO - Dropping column: _id 
[ 2022-12-24 10:47:36,843 ] 27 root - INFO - Row and columns in df: (1338, 7)
[ 2022-12-24 10:47:36,843 ] 29 root - INFO - Save data in feature store
[ 2022-12-24 10:47:36,844 ] 35 root - INFO - Create feature store folder if not available
[ 2022-12-24 10:47:36,845 ] 39 root - INFO - Save df to feature store folder
[ 2022-12-24 10:47:36,852 ] 44 root - INFO - split dataset into train and test set
[ 2022-12-24 10:47:36,854 ] 48 root - INFO - create dataset directory folder if not available
[ 2022-12-24 10:47:36,854 ] 53 root - INFO - Save df to feature store folder
[ 2022-12-24 10:47:36,861 ] 65 root - INFO - Data ingestion artifact: DataIngestionArtifact(feature_store_file_path='/config/workspace/artifact/12242022__104736/data_ingestion/feature_store/insurance.csv', train_file_path='/config/workspace/artifact/12242022__104736/data_ingestion/dataset/train.csv', test_file_path='/config/workspace/artifact/12242022__104736/data_ingestion/dataset/test.csv')
[ 2022-12-24 10:47:36,862 ] 22 root - INFO - >>>>>>>>>>>>>>>>>>>>>>>>>>>>>>>>>>>>>>>> Data Validation <<<<<<<<<<<<<<<<<<<<<<<<<<<<<<<<<<<<<<<<
[ 2022-12-24 10:47:36,862 ] 111 root - INFO - Reading base dataframe
[ 2022-12-24 10:47:36,867 ] 114 root - INFO - Replace na value in base df
[ 2022-12-24 10:47:36,868 ] 116 root - INFO - Drop null values colums from base df
[ 2022-12-24 10:47:36,870 ] 45 root - INFO - selecting column name which contains null above to 0.2
[ 2022-12-24 10:47:36,870 ] 48 root - INFO - Columns to drop: []
[ 2022-12-24 10:47:36,871 ] 119 root - INFO - Reading train dataframe
[ 2022-12-24 10:47:36,874 ] 121 root - INFO - Reading test dataframe
[ 2022-12-24 10:47:36,876 ] 124 root - INFO - Drop null values colums from train df
[ 2022-12-24 10:47:36,877 ] 45 root - INFO - selecting column name which contains null above to 0.2
[ 2022-12-24 10:47:36,878 ] 48 root - INFO - Columns to drop: []
[ 2022-12-24 10:47:36,878 ] 126 root - INFO - Drop null values colums from test df
[ 2022-12-24 10:47:36,879 ] 45 root - INFO - selecting column name which contains null above to 0.2
[ 2022-12-24 10:47:36,880 ] 48 root - INFO - Columns to drop: []
[ 2022-12-24 10:47:36,880 ] 135 root - INFO - Is all required columns present in train df
[ 2022-12-24 10:47:36,880 ] 137 root - INFO - Is all required columns present in test df
[ 2022-12-24 10:47:36,881 ] 141 root - INFO - As all column are available in train df hence detecting data drift
[ 2022-12-24 10:47:36,881 ] 89 root - INFO - Hypothesis age: int64, int64 
[ 2022-12-24 10:47:36,882 ] 89 root - INFO - Hypothesis sex: object, object 
[ 2022-12-24 10:47:36,884 ] 89 root - INFO - Hypothesis bmi: float64, float64 
[ 2022-12-24 10:47:36,885 ] 89 root - INFO - Hypothesis children: int64, int64 
[ 2022-12-24 10:47:36,886 ] 89 root - INFO - Hypothesis smoker: object, object 
[ 2022-12-24 10:47:36,889 ] 89 root - INFO - Hypothesis region: object, object 
[ 2022-12-24 10:47:36,893 ] 89 root - INFO - Hypothesis expenses: float64, float64 
[ 2022-12-24 10:47:36,894 ] 144 root - INFO - As all column are available in test df hence detecting data drift
[ 2022-12-24 10:47:36,894 ] 89 root - INFO - Hypothesis age: int64, int64 
[ 2022-12-24 10:47:36,895 ] 89 root - INFO - Hypothesis sex: object, object 
[ 2022-12-24 10:47:36,897 ] 89 root - INFO - Hypothesis bmi: float64, float64 
[ 2022-12-24 10:47:36,898 ] 89 root - INFO - Hypothesis children: int64, int64 
[ 2022-12-24 10:47:36,899 ] 89 root - INFO - Hypothesis smoker: object, object 
[ 2022-12-24 10:47:36,901 ] 89 root - INFO - Hypothesis region: object, object 
[ 2022-12-24 10:47:36,903 ] 89 root - INFO - Hypothesis expenses: float64, float64 
[ 2022-12-24 10:47:36,904 ] 148 root - INFO - Write reprt in yaml file
[ 2022-12-24 10:47:36,909 ] 153 root - INFO - Data validation artifact: DataValidationArtifact(report_file_path='/config/workspace/artifact/12242022__104736/data_validation/report.yaml')
[ 2022-12-24 10:47:36,909 ] 26 root - INFO - >>>>>>>>>>>>>>>>>>>>>>>>>>>>>>>>>>>>>>>> Data Transformation <<<<<<<<<<<<<<<<<<<<<<<<<<<<<<<<<<<<<<<<
