[ 2022-12-24 12:24:25,724 ] 16 root - INFO - >>>>>>>>>>>>>>>>>>>>>>>>>>>>>>>>>>>>>>>> Data Ingestion <<<<<<<<<<<<<<<<<<<<<<<<<<<<<<<<<<<<<<<<
[ 2022-12-24 12:24:25,724 ] 23 root - INFO - Exporting collection data as pandas dataframe
[ 2022-12-24 12:24:25,724 ] 21 root - INFO - Reading data from database: ipp and collection: insurance
[ 2022-12-24 12:24:25,736 ] 23 root - INFO - Found columns: Index(['_id', 'age', 'sex', 'bmi', 'children', 'smoker', 'region', 'expenses'], dtype='object')
[ 2022-12-24 12:24:25,736 ] 25 root - INFO - Dropping column: _id 
[ 2022-12-24 12:24:25,738 ] 27 root - INFO - Row and columns in df: (1338, 7)
[ 2022-12-24 12:24:25,738 ] 29 root - INFO - Save data in feature store
[ 2022-12-24 12:24:25,738 ] 35 root - INFO - Create feature store folder if not available
[ 2022-12-24 12:24:25,738 ] 39 root - INFO - Save df to feature store folder
[ 2022-12-24 12:24:25,747 ] 44 root - INFO - split dataset into train and test set
[ 2022-12-24 12:24:25,749 ] 48 root - INFO - create dataset directory folder if not available
[ 2022-12-24 12:24:25,749 ] 53 root - INFO - Save df to feature store folder
[ 2022-12-24 12:24:25,756 ] 65 root - INFO - Data ingestion artifact: DataIngestionArtifact(feature_store_file_path='/config/workspace/artifact/12242022__122425/data_ingestion/feature_store/insurance.csv', train_file_path='/config/workspace/artifact/12242022__122425/data_ingestion/dataset/train.csv', test_file_path='/config/workspace/artifact/12242022__122425/data_ingestion/dataset/test.csv')
[ 2022-12-24 12:24:25,756 ] 22 root - INFO - >>>>>>>>>>>>>>>>>>>>>>>>>>>>>>>>>>>>>>>> Data Validation <<<<<<<<<<<<<<<<<<<<<<<<<<<<<<<<<<<<<<<<
[ 2022-12-24 12:24:25,756 ] 111 root - INFO - Reading base dataframe
[ 2022-12-24 12:24:25,762 ] 114 root - INFO - Replace na value in base df
[ 2022-12-24 12:24:25,762 ] 116 root - INFO - Drop null values colums from base df
[ 2022-12-24 12:24:25,764 ] 45 root - INFO - selecting column name which contains null above to 0.2
[ 2022-12-24 12:24:25,765 ] 48 root - INFO - Columns to drop: []
[ 2022-12-24 12:24:25,765 ] 119 root - INFO - Reading train dataframe
[ 2022-12-24 12:24:25,768 ] 121 root - INFO - Reading test dataframe
[ 2022-12-24 12:24:25,770 ] 124 root - INFO - Drop null values colums from train df
[ 2022-12-24 12:24:25,772 ] 45 root - INFO - selecting column name which contains null above to 0.2
[ 2022-12-24 12:24:25,772 ] 48 root - INFO - Columns to drop: []
[ 2022-12-24 12:24:25,773 ] 126 root - INFO - Drop null values colums from test df
[ 2022-12-24 12:24:25,774 ] 45 root - INFO - selecting column name which contains null above to 0.2
[ 2022-12-24 12:24:25,774 ] 48 root - INFO - Columns to drop: []
[ 2022-12-24 12:24:25,775 ] 135 root - INFO - Is all required columns present in train df
[ 2022-12-24 12:24:25,775 ] 137 root - INFO - Is all required columns present in test df
[ 2022-12-24 12:24:25,775 ] 141 root - INFO - As all column are available in train df hence detecting data drift
[ 2022-12-24 12:24:25,775 ] 89 root - INFO - Hypothesis age: int64, int64 
[ 2022-12-24 12:24:25,776 ] 89 root - INFO - Hypothesis sex: object, object 
[ 2022-12-24 12:24:25,779 ] 89 root - INFO - Hypothesis bmi: float64, float64 
[ 2022-12-24 12:24:25,780 ] 89 root - INFO - Hypothesis children: int64, int64 
[ 2022-12-24 12:24:25,780 ] 89 root - INFO - Hypothesis smoker: object, object 
[ 2022-12-24 12:24:25,783 ] 89 root - INFO - Hypothesis region: object, object 
[ 2022-12-24 12:24:25,787 ] 89 root - INFO - Hypothesis expenses: float64, float64 
[ 2022-12-24 12:24:25,787 ] 144 root - INFO - As all column are available in test df hence detecting data drift
[ 2022-12-24 12:24:25,788 ] 89 root - INFO - Hypothesis age: int64, int64 
[ 2022-12-24 12:24:25,788 ] 89 root - INFO - Hypothesis sex: object, object 
[ 2022-12-24 12:24:25,790 ] 89 root - INFO - Hypothesis bmi: float64, float64 
[ 2022-12-24 12:24:25,791 ] 89 root - INFO - Hypothesis children: int64, int64 
[ 2022-12-24 12:24:25,791 ] 89 root - INFO - Hypothesis smoker: object, object 
[ 2022-12-24 12:24:25,793 ] 89 root - INFO - Hypothesis region: object, object 
[ 2022-12-24 12:24:25,796 ] 89 root - INFO - Hypothesis expenses: float64, float64 
[ 2022-12-24 12:24:25,796 ] 148 root - INFO - Write reprt in yaml file
[ 2022-12-24 12:24:25,801 ] 153 root - INFO - Data validation artifact: DataValidationArtifact(report_file_path='/config/workspace/artifact/12242022__122425/data_validation/report.yaml')
[ 2022-12-24 12:24:25,801 ] 26 root - INFO - >>>>>>>>>>>>>>>>>>>>>>>>>>>>>>>>>>>>>>>> Data Transformation <<<<<<<<<<<<<<<<<<<<<<<<<<<<<<<<<<<<<<<<
