[ 2022-12-24 12:12:54,240 ] 16 root - INFO - >>>>>>>>>>>>>>>>>>>>>>>>>>>>>>>>>>>>>>>> Data Ingestion <<<<<<<<<<<<<<<<<<<<<<<<<<<<<<<<<<<<<<<<
[ 2022-12-24 12:12:54,241 ] 23 root - INFO - Exporting collection data as pandas dataframe
[ 2022-12-24 12:12:54,241 ] 21 root - INFO - Reading data from database: ipp and collection: insurance
[ 2022-12-24 12:12:54,253 ] 23 root - INFO - Found columns: Index(['_id', 'age', 'sex', 'bmi', 'children', 'smoker', 'region', 'expenses'], dtype='object')
[ 2022-12-24 12:12:54,253 ] 25 root - INFO - Dropping column: _id 
[ 2022-12-24 12:12:54,254 ] 27 root - INFO - Row and columns in df: (1338, 7)
[ 2022-12-24 12:12:54,254 ] 29 root - INFO - Save data in feature store
[ 2022-12-24 12:12:54,255 ] 35 root - INFO - Create feature store folder if not available
[ 2022-12-24 12:12:54,255 ] 39 root - INFO - Save df to feature store folder
[ 2022-12-24 12:12:54,262 ] 44 root - INFO - split dataset into train and test set
[ 2022-12-24 12:12:54,264 ] 48 root - INFO - create dataset directory folder if not available
[ 2022-12-24 12:12:54,264 ] 53 root - INFO - Save df to feature store folder
[ 2022-12-24 12:12:54,270 ] 65 root - INFO - Data ingestion artifact: DataIngestionArtifact(feature_store_file_path='/config/workspace/artifact/12242022__121254/data_ingestion/feature_store/insurance.csv', train_file_path='/config/workspace/artifact/12242022__121254/data_ingestion/dataset/train.csv', test_file_path='/config/workspace/artifact/12242022__121254/data_ingestion/dataset/test.csv')
[ 2022-12-24 12:12:54,270 ] 22 root - INFO - >>>>>>>>>>>>>>>>>>>>>>>>>>>>>>>>>>>>>>>> Data Validation <<<<<<<<<<<<<<<<<<<<<<<<<<<<<<<<<<<<<<<<
[ 2022-12-24 12:12:54,270 ] 111 root - INFO - Reading base dataframe
[ 2022-12-24 12:12:54,276 ] 114 root - INFO - Replace na value in base df
[ 2022-12-24 12:12:54,276 ] 116 root - INFO - Drop null values colums from base df
[ 2022-12-24 12:12:54,278 ] 45 root - INFO - selecting column name which contains null above to 0.2
[ 2022-12-24 12:12:54,278 ] 48 root - INFO - Columns to drop: []
[ 2022-12-24 12:12:54,279 ] 119 root - INFO - Reading train dataframe
[ 2022-12-24 12:12:54,282 ] 121 root - INFO - Reading test dataframe
[ 2022-12-24 12:12:54,284 ] 124 root - INFO - Drop null values colums from train df
[ 2022-12-24 12:12:54,285 ] 45 root - INFO - selecting column name which contains null above to 0.2
[ 2022-12-24 12:12:54,285 ] 48 root - INFO - Columns to drop: []
[ 2022-12-24 12:12:54,286 ] 126 root - INFO - Drop null values colums from test df
[ 2022-12-24 12:12:54,287 ] 45 root - INFO - selecting column name which contains null above to 0.2
[ 2022-12-24 12:12:54,287 ] 48 root - INFO - Columns to drop: []
[ 2022-12-24 12:12:54,288 ] 135 root - INFO - Is all required columns present in train df
[ 2022-12-24 12:12:54,288 ] 137 root - INFO - Is all required columns present in test df
[ 2022-12-24 12:12:54,288 ] 141 root - INFO - As all column are available in train df hence detecting data drift
[ 2022-12-24 12:12:54,289 ] 89 root - INFO - Hypothesis age: int64, int64 
[ 2022-12-24 12:12:54,289 ] 89 root - INFO - Hypothesis sex: object, object 
[ 2022-12-24 12:12:54,292 ] 89 root - INFO - Hypothesis bmi: float64, float64 
[ 2022-12-24 12:12:54,293 ] 89 root - INFO - Hypothesis children: int64, int64 
[ 2022-12-24 12:12:54,294 ] 89 root - INFO - Hypothesis smoker: object, object 
[ 2022-12-24 12:12:54,296 ] 89 root - INFO - Hypothesis region: object, object 
[ 2022-12-24 12:12:54,300 ] 89 root - INFO - Hypothesis expenses: float64, float64 
[ 2022-12-24 12:12:54,301 ] 144 root - INFO - As all column are available in test df hence detecting data drift
[ 2022-12-24 12:12:54,301 ] 89 root - INFO - Hypothesis age: int64, int64 
[ 2022-12-24 12:12:54,302 ] 89 root - INFO - Hypothesis sex: object, object 
[ 2022-12-24 12:12:54,303 ] 89 root - INFO - Hypothesis bmi: float64, float64 
[ 2022-12-24 12:12:54,304 ] 89 root - INFO - Hypothesis children: int64, int64 
[ 2022-12-24 12:12:54,305 ] 89 root - INFO - Hypothesis smoker: object, object 
[ 2022-12-24 12:12:54,307 ] 89 root - INFO - Hypothesis region: object, object 
[ 2022-12-24 12:12:54,309 ] 89 root - INFO - Hypothesis expenses: float64, float64 
[ 2022-12-24 12:12:54,310 ] 148 root - INFO - Write reprt in yaml file
[ 2022-12-24 12:12:54,314 ] 153 root - INFO - Data validation artifact: DataValidationArtifact(report_file_path='/config/workspace/artifact/12242022__121254/data_validation/report.yaml')
[ 2022-12-24 12:12:54,315 ] 26 root - INFO - >>>>>>>>>>>>>>>>>>>>>>>>>>>>>>>>>>>>>>>> Data Transformation <<<<<<<<<<<<<<<<<<<<<<<<<<<<<<<<<<<<<<<<
