[ 2022-12-24 12:52:15,885 ] 16 root - INFO - >>>>>>>>>>>>>>>>>>>>>>>>>>>>>>>>>>>>>>>> Data Ingestion <<<<<<<<<<<<<<<<<<<<<<<<<<<<<<<<<<<<<<<<
[ 2022-12-24 12:52:15,885 ] 23 root - INFO - Exporting collection data as pandas dataframe
[ 2022-12-24 12:52:15,885 ] 21 root - INFO - Reading data from database: ipp and collection: insurance
[ 2022-12-24 12:52:15,897 ] 23 root - INFO - Found columns: Index(['_id', 'age', 'sex', 'bmi', 'children', 'smoker', 'region', 'expenses'], dtype='object')
[ 2022-12-24 12:52:15,897 ] 25 root - INFO - Dropping column: _id 
[ 2022-12-24 12:52:15,898 ] 27 root - INFO - Row and columns in df: (1338, 7)
[ 2022-12-24 12:52:15,898 ] 29 root - INFO - Save data in feature store
[ 2022-12-24 12:52:15,899 ] 35 root - INFO - Create feature store folder if not available
[ 2022-12-24 12:52:15,899 ] 39 root - INFO - Save df to feature store folder
[ 2022-12-24 12:52:15,907 ] 44 root - INFO - split dataset into train and test set
[ 2022-12-24 12:52:15,908 ] 48 root - INFO - create dataset directory folder if not available
[ 2022-12-24 12:52:15,908 ] 53 root - INFO - Save df to feature store folder
[ 2022-12-24 12:52:15,915 ] 65 root - INFO - Data ingestion artifact: DataIngestionArtifact(feature_store_file_path='/config/workspace/artifact/12242022__125215/data_ingestion/feature_store/insurance.csv', train_file_path='/config/workspace/artifact/12242022__125215/data_ingestion/dataset/train.csv', test_file_path='/config/workspace/artifact/12242022__125215/data_ingestion/dataset/test.csv')
[ 2022-12-24 12:52:15,915 ] 22 root - INFO - >>>>>>>>>>>>>>>>>>>>>>>>>>>>>>>>>>>>>>>> Data Validation <<<<<<<<<<<<<<<<<<<<<<<<<<<<<<<<<<<<<<<<
[ 2022-12-24 12:52:15,915 ] 111 root - INFO - Reading base dataframe
[ 2022-12-24 12:52:15,920 ] 114 root - INFO - Replace na value in base df
[ 2022-12-24 12:52:15,921 ] 116 root - INFO - Drop null values colums from base df
[ 2022-12-24 12:52:15,922 ] 45 root - INFO - selecting column name which contains null above to 0.2
[ 2022-12-24 12:52:15,923 ] 48 root - INFO - Columns to drop: []
[ 2022-12-24 12:52:15,923 ] 119 root - INFO - Reading train dataframe
[ 2022-12-24 12:52:15,926 ] 121 root - INFO - Reading test dataframe
[ 2022-12-24 12:52:15,928 ] 124 root - INFO - Drop null values colums from train df
[ 2022-12-24 12:52:15,930 ] 45 root - INFO - selecting column name which contains null above to 0.2
[ 2022-12-24 12:52:15,930 ] 48 root - INFO - Columns to drop: []
[ 2022-12-24 12:52:15,931 ] 126 root - INFO - Drop null values colums from test df
[ 2022-12-24 12:52:15,932 ] 45 root - INFO - selecting column name which contains null above to 0.2
[ 2022-12-24 12:52:15,932 ] 48 root - INFO - Columns to drop: []
[ 2022-12-24 12:52:15,933 ] 135 root - INFO - Is all required columns present in train df
[ 2022-12-24 12:52:15,933 ] 137 root - INFO - Is all required columns present in test df
[ 2022-12-24 12:52:15,933 ] 141 root - INFO - As all column are available in train df hence detecting data drift
[ 2022-12-24 12:52:15,933 ] 89 root - INFO - Hypothesis age: int64, int64 
[ 2022-12-24 12:52:15,934 ] 89 root - INFO - Hypothesis sex: object, object 
[ 2022-12-24 12:52:15,937 ] 89 root - INFO - Hypothesis bmi: float64, float64 
[ 2022-12-24 12:52:15,938 ] 89 root - INFO - Hypothesis children: int64, int64 
[ 2022-12-24 12:52:15,938 ] 89 root - INFO - Hypothesis smoker: object, object 
[ 2022-12-24 12:52:15,941 ] 89 root - INFO - Hypothesis region: object, object 
[ 2022-12-24 12:52:15,945 ] 89 root - INFO - Hypothesis expenses: float64, float64 
[ 2022-12-24 12:52:15,945 ] 144 root - INFO - As all column are available in test df hence detecting data drift
[ 2022-12-24 12:52:15,946 ] 89 root - INFO - Hypothesis age: int64, int64 
[ 2022-12-24 12:52:15,946 ] 89 root - INFO - Hypothesis sex: object, object 
[ 2022-12-24 12:52:15,948 ] 89 root - INFO - Hypothesis bmi: float64, float64 
[ 2022-12-24 12:52:15,949 ] 89 root - INFO - Hypothesis children: int64, int64 
[ 2022-12-24 12:52:15,950 ] 89 root - INFO - Hypothesis smoker: object, object 
[ 2022-12-24 12:52:15,951 ] 89 root - INFO - Hypothesis region: object, object 
[ 2022-12-24 12:52:15,954 ] 89 root - INFO - Hypothesis expenses: float64, float64 
[ 2022-12-24 12:52:15,955 ] 148 root - INFO - Write reprt in yaml file
[ 2022-12-24 12:52:15,959 ] 153 root - INFO - Data validation artifact: DataValidationArtifact(report_file_path='/config/workspace/artifact/12242022__125215/data_validation/report.yaml')
[ 2022-12-24 12:52:15,960 ] 26 root - INFO - >>>>>>>>>>>>>>>>>>>>>>>>>>>>>>>>>>>>>>>> Data Transformation <<<<<<<<<<<<<<<<<<<<<<<<<<<<<<<<<<<<<<<<
[ 2022-12-24 12:52:15,991 ] 88 root - INFO - Before resampling in training set Input: (1070, 11) Target:(1070, 1)
