[ 2022-12-24 13:28:22,700 ] 16 root - INFO - >>>>>>>>>>>>>>>>>>>>>>>>>>>>>>>>>>>>>>>> Data Ingestion <<<<<<<<<<<<<<<<<<<<<<<<<<<<<<<<<<<<<<<<
[ 2022-12-24 13:28:22,701 ] 23 root - INFO - Exporting collection data as pandas dataframe
[ 2022-12-24 13:28:22,701 ] 21 root - INFO - Reading data from database: ipp and collection: insurance
[ 2022-12-24 13:28:22,721 ] 23 root - INFO - Found columns: Index(['_id', 'age', 'sex', 'bmi', 'children', 'smoker', 'region', 'expenses'], dtype='object')
[ 2022-12-24 13:28:22,722 ] 25 root - INFO - Dropping column: _id 
[ 2022-12-24 13:28:22,723 ] 27 root - INFO - Row and columns in df: (2676, 7)
[ 2022-12-24 13:28:22,724 ] 29 root - INFO - Save data in feature store
[ 2022-12-24 13:28:22,724 ] 35 root - INFO - Create feature store folder if not available
[ 2022-12-24 13:28:22,725 ] 39 root - INFO - Save df to feature store folder
[ 2022-12-24 13:28:22,737 ] 44 root - INFO - split dataset into train and test set
[ 2022-12-24 13:28:22,739 ] 48 root - INFO - create dataset directory folder if not available
[ 2022-12-24 13:28:22,739 ] 53 root - INFO - Save df to feature store folder
[ 2022-12-24 13:28:22,751 ] 65 root - INFO - Data ingestion artifact: DataIngestionArtifact(feature_store_file_path='/config/workspace/artifact/12242022__132822/data_ingestion/feature_store/insurance.csv', train_file_path='/config/workspace/artifact/12242022__132822/data_ingestion/dataset/train.csv', test_file_path='/config/workspace/artifact/12242022__132822/data_ingestion/dataset/test.csv')
[ 2022-12-24 13:28:22,751 ] 22 root - INFO - >>>>>>>>>>>>>>>>>>>>>>>>>>>>>>>>>>>>>>>> Data Validation <<<<<<<<<<<<<<<<<<<<<<<<<<<<<<<<<<<<<<<<
[ 2022-12-24 13:28:22,752 ] 111 root - INFO - Reading base dataframe
[ 2022-12-24 13:28:22,757 ] 114 root - INFO - Replace na value in base df
[ 2022-12-24 13:28:22,757 ] 116 root - INFO - Drop null values colums from base df
[ 2022-12-24 13:28:22,758 ] 45 root - INFO - selecting column name which contains null above to 0.2
[ 2022-12-24 13:28:22,759 ] 48 root - INFO - Columns to drop: []
[ 2022-12-24 13:28:22,759 ] 119 root - INFO - Reading train dataframe
[ 2022-12-24 13:28:22,763 ] 121 root - INFO - Reading test dataframe
[ 2022-12-24 13:28:22,765 ] 124 root - INFO - Drop null values colums from train df
[ 2022-12-24 13:28:22,767 ] 45 root - INFO - selecting column name which contains null above to 0.2
[ 2022-12-24 13:28:22,768 ] 48 root - INFO - Columns to drop: []
[ 2022-12-24 13:28:22,768 ] 126 root - INFO - Drop null values colums from test df
[ 2022-12-24 13:28:22,770 ] 45 root - INFO - selecting column name which contains null above to 0.2
[ 2022-12-24 13:28:22,770 ] 48 root - INFO - Columns to drop: []
[ 2022-12-24 13:28:22,771 ] 135 root - INFO - Is all required columns present in train df
[ 2022-12-24 13:28:22,771 ] 137 root - INFO - Is all required columns present in test df
[ 2022-12-24 13:28:22,771 ] 141 root - INFO - As all column are available in train df hence detecting data drift
[ 2022-12-24 13:28:22,771 ] 89 root - INFO - Hypothesis age: int64, int64 
[ 2022-12-24 13:28:22,772 ] 89 root - INFO - Hypothesis sex: object, object 
[ 2022-12-24 13:28:22,776 ] 89 root - INFO - Hypothesis bmi: float64, float64 
[ 2022-12-24 13:28:22,777 ] 89 root - INFO - Hypothesis children: int64, int64 
[ 2022-12-24 13:28:22,778 ] 89 root - INFO - Hypothesis smoker: object, object 
[ 2022-12-24 13:28:22,782 ] 89 root - INFO - Hypothesis region: object, object 
[ 2022-12-24 13:28:22,788 ] 89 root - INFO - Hypothesis expenses: float64, float64 
[ 2022-12-24 13:28:22,789 ] 144 root - INFO - As all column are available in test df hence detecting data drift
[ 2022-12-24 13:28:22,789 ] 89 root - INFO - Hypothesis age: int64, int64 
[ 2022-12-24 13:28:22,790 ] 89 root - INFO - Hypothesis sex: object, object 
[ 2022-12-24 13:28:22,792 ] 89 root - INFO - Hypothesis bmi: float64, float64 
[ 2022-12-24 13:28:22,793 ] 89 root - INFO - Hypothesis children: int64, int64 
[ 2022-12-24 13:28:22,793 ] 89 root - INFO - Hypothesis smoker: object, object 
[ 2022-12-24 13:28:22,796 ] 89 root - INFO - Hypothesis region: object, object 
[ 2022-12-24 13:28:22,799 ] 89 root - INFO - Hypothesis expenses: float64, float64 
[ 2022-12-24 13:28:22,800 ] 148 root - INFO - Write reprt in yaml file
[ 2022-12-24 13:28:22,804 ] 153 root - INFO - Data validation artifact: DataValidationArtifact(report_file_path='/config/workspace/artifact/12242022__132822/data_validation/report.yaml')
[ 2022-12-24 13:28:22,804 ] 26 root - INFO - >>>>>>>>>>>>>>>>>>>>>>>>>>>>>>>>>>>>>>>> Data Transformation <<<<<<<<<<<<<<<<<<<<<<<<<<<<<<<<<<<<<<<<
[ 2022-12-24 13:28:22,840 ] 54 root - INFO - Entered the save_object method of utils
[ 2022-12-24 13:28:22,842 ] 58 root - INFO - Exited the save_object method of utils
[ 2022-12-24 13:28:22,842 ] 54 root - INFO - Entered the save_object method of utils
[ 2022-12-24 13:28:22,843 ] 58 root - INFO - Exited the save_object method of utils
[ 2022-12-24 13:28:22,843 ] 125 root - INFO - Data transformation object DataTransformationArtifact(transform_object_path='/config/workspace/artifact/12242022__132822/data_transformation/transformer/transformer.pkl', transformed_train_path='/config/workspace/artifact/12242022__132822/data_transformation/transformed/train.npz', transformed_test_path='/config/workspace/artifact/12242022__132822/data_transformation/transformed/test.npz', transformed_target_path='/config/workspace/artifact/12242022__132822/data_transformation/transformer_target/target_transformer.pkl')
