[ 2022-12-24 13:13:05,171 ] 16 root - INFO - >>>>>>>>>>>>>>>>>>>>>>>>>>>>>>>>>>>>>>>> Data Ingestion <<<<<<<<<<<<<<<<<<<<<<<<<<<<<<<<<<<<<<<<
[ 2022-12-24 13:13:05,171 ] 23 root - INFO - Exporting collection data as pandas dataframe
[ 2022-12-24 13:13:05,171 ] 21 root - INFO - Reading data from database: ipp and collection: insurance
[ 2022-12-24 13:13:05,191 ] 23 root - INFO - Found columns: Index(['_id', 'age', 'sex', 'bmi', 'children', 'smoker', 'region', 'expenses'], dtype='object')
[ 2022-12-24 13:13:05,192 ] 25 root - INFO - Dropping column: _id 
[ 2022-12-24 13:13:05,193 ] 27 root - INFO - Row and columns in df: (2676, 7)
[ 2022-12-24 13:13:05,193 ] 29 root - INFO - Save data in feature store
[ 2022-12-24 13:13:05,194 ] 35 root - INFO - Create feature store folder if not available
[ 2022-12-24 13:13:05,194 ] 39 root - INFO - Save df to feature store folder
[ 2022-12-24 13:13:05,206 ] 44 root - INFO - split dataset into train and test set
[ 2022-12-24 13:13:05,208 ] 48 root - INFO - create dataset directory folder if not available
[ 2022-12-24 13:13:05,208 ] 53 root - INFO - Save df to feature store folder
[ 2022-12-24 13:13:05,221 ] 65 root - INFO - Data ingestion artifact: DataIngestionArtifact(feature_store_file_path='/config/workspace/artifact/12242022__131305/data_ingestion/feature_store/insurance.csv', train_file_path='/config/workspace/artifact/12242022__131305/data_ingestion/dataset/train.csv', test_file_path='/config/workspace/artifact/12242022__131305/data_ingestion/dataset/test.csv')
[ 2022-12-24 13:13:05,221 ] 22 root - INFO - >>>>>>>>>>>>>>>>>>>>>>>>>>>>>>>>>>>>>>>> Data Validation <<<<<<<<<<<<<<<<<<<<<<<<<<<<<<<<<<<<<<<<
[ 2022-12-24 13:13:05,222 ] 111 root - INFO - Reading base dataframe
[ 2022-12-24 13:13:05,226 ] 114 root - INFO - Replace na value in base df
[ 2022-12-24 13:13:05,226 ] 116 root - INFO - Drop null values colums from base df
[ 2022-12-24 13:13:05,228 ] 45 root - INFO - selecting column name which contains null above to 0.2
[ 2022-12-24 13:13:05,229 ] 48 root - INFO - Columns to drop: []
[ 2022-12-24 13:13:05,229 ] 119 root - INFO - Reading train dataframe
[ 2022-12-24 13:13:05,233 ] 121 root - INFO - Reading test dataframe
[ 2022-12-24 13:13:05,235 ] 124 root - INFO - Drop null values colums from train df
[ 2022-12-24 13:13:05,237 ] 45 root - INFO - selecting column name which contains null above to 0.2
[ 2022-12-24 13:13:05,238 ] 48 root - INFO - Columns to drop: []
[ 2022-12-24 13:13:05,238 ] 126 root - INFO - Drop null values colums from test df
[ 2022-12-24 13:13:05,239 ] 45 root - INFO - selecting column name which contains null above to 0.2
[ 2022-12-24 13:13:05,240 ] 48 root - INFO - Columns to drop: []
[ 2022-12-24 13:13:05,240 ] 135 root - INFO - Is all required columns present in train df
[ 2022-12-24 13:13:05,241 ] 137 root - INFO - Is all required columns present in test df
[ 2022-12-24 13:13:05,241 ] 141 root - INFO - As all column are available in train df hence detecting data drift
[ 2022-12-24 13:13:05,241 ] 89 root - INFO - Hypothesis age: int64, int64 
[ 2022-12-24 13:13:05,242 ] 89 root - INFO - Hypothesis sex: object, object 
[ 2022-12-24 13:13:05,247 ] 89 root - INFO - Hypothesis bmi: float64, float64 
[ 2022-12-24 13:13:05,248 ] 89 root - INFO - Hypothesis children: int64, int64 
[ 2022-12-24 13:13:05,249 ] 89 root - INFO - Hypothesis smoker: object, object 
[ 2022-12-24 13:13:05,254 ] 89 root - INFO - Hypothesis region: object, object 
[ 2022-12-24 13:13:05,259 ] 89 root - INFO - Hypothesis expenses: float64, float64 
[ 2022-12-24 13:13:05,261 ] 144 root - INFO - As all column are available in test df hence detecting data drift
[ 2022-12-24 13:13:05,261 ] 89 root - INFO - Hypothesis age: int64, int64 
[ 2022-12-24 13:13:05,262 ] 89 root - INFO - Hypothesis sex: object, object 
[ 2022-12-24 13:13:05,264 ] 89 root - INFO - Hypothesis bmi: float64, float64 
[ 2022-12-24 13:13:05,265 ] 89 root - INFO - Hypothesis children: int64, int64 
[ 2022-12-24 13:13:05,266 ] 89 root - INFO - Hypothesis smoker: object, object 
[ 2022-12-24 13:13:05,268 ] 89 root - INFO - Hypothesis region: object, object 
[ 2022-12-24 13:13:05,271 ] 89 root - INFO - Hypothesis expenses: float64, float64 
[ 2022-12-24 13:13:05,272 ] 148 root - INFO - Write reprt in yaml file
[ 2022-12-24 13:13:05,277 ] 153 root - INFO - Data validation artifact: DataValidationArtifact(report_file_path='/config/workspace/artifact/12242022__131305/data_validation/report.yaml')
[ 2022-12-24 13:13:05,277 ] 26 root - INFO - >>>>>>>>>>>>>>>>>>>>>>>>>>>>>>>>>>>>>>>> Data Transformation <<<<<<<<<<<<<<<<<<<<<<<<<<<<<<<<<<<<<<<<
[ 2022-12-24 13:13:05,311 ] 54 root - INFO - Entered the save_object method of utils
[ 2022-12-24 13:13:05,314 ] 58 root - INFO - Exited the save_object method of utils
[ 2022-12-24 13:13:05,314 ] 54 root - INFO - Entered the save_object method of utils
[ 2022-12-24 13:13:05,315 ] 58 root - INFO - Exited the save_object method of utils
