[ 2022-12-24 13:12:31,621 ] 16 root - INFO - >>>>>>>>>>>>>>>>>>>>>>>>>>>>>>>>>>>>>>>> Data Ingestion <<<<<<<<<<<<<<<<<<<<<<<<<<<<<<<<<<<<<<<<
[ 2022-12-24 13:12:31,621 ] 23 root - INFO - Exporting collection data as pandas dataframe
[ 2022-12-24 13:12:31,621 ] 21 root - INFO - Reading data from database: ipp and collection: insurance
[ 2022-12-24 13:12:31,643 ] 23 root - INFO - Found columns: Index(['_id', 'age', 'sex', 'bmi', 'children', 'smoker', 'region', 'expenses'], dtype='object')
[ 2022-12-24 13:12:31,643 ] 25 root - INFO - Dropping column: _id 
[ 2022-12-24 13:12:31,644 ] 27 root - INFO - Row and columns in df: (2676, 7)
[ 2022-12-24 13:12:31,645 ] 29 root - INFO - Save data in feature store
[ 2022-12-24 13:12:31,645 ] 35 root - INFO - Create feature store folder if not available
[ 2022-12-24 13:12:31,646 ] 39 root - INFO - Save df to feature store folder
[ 2022-12-24 13:12:31,659 ] 44 root - INFO - split dataset into train and test set
[ 2022-12-24 13:12:31,661 ] 48 root - INFO - create dataset directory folder if not available
[ 2022-12-24 13:12:31,661 ] 53 root - INFO - Save df to feature store folder
[ 2022-12-24 13:12:31,673 ] 65 root - INFO - Data ingestion artifact: DataIngestionArtifact(feature_store_file_path='/config/workspace/artifact/12242022__131231/data_ingestion/feature_store/insurance.csv', train_file_path='/config/workspace/artifact/12242022__131231/data_ingestion/dataset/train.csv', test_file_path='/config/workspace/artifact/12242022__131231/data_ingestion/dataset/test.csv')
[ 2022-12-24 13:12:31,674 ] 22 root - INFO - >>>>>>>>>>>>>>>>>>>>>>>>>>>>>>>>>>>>>>>> Data Validation <<<<<<<<<<<<<<<<<<<<<<<<<<<<<<<<<<<<<<<<
[ 2022-12-24 13:12:31,674 ] 111 root - INFO - Reading base dataframe
[ 2022-12-24 13:12:31,679 ] 114 root - INFO - Replace na value in base df
[ 2022-12-24 13:12:31,679 ] 116 root - INFO - Drop null values colums from base df
[ 2022-12-24 13:12:31,681 ] 45 root - INFO - selecting column name which contains null above to 0.2
[ 2022-12-24 13:12:31,681 ] 48 root - INFO - Columns to drop: []
[ 2022-12-24 13:12:31,682 ] 119 root - INFO - Reading train dataframe
[ 2022-12-24 13:12:31,686 ] 121 root - INFO - Reading test dataframe
[ 2022-12-24 13:12:31,688 ] 124 root - INFO - Drop null values colums from train df
[ 2022-12-24 13:12:31,691 ] 45 root - INFO - selecting column name which contains null above to 0.2
[ 2022-12-24 13:12:31,691 ] 48 root - INFO - Columns to drop: []
[ 2022-12-24 13:12:31,692 ] 126 root - INFO - Drop null values colums from test df
[ 2022-12-24 13:12:31,693 ] 45 root - INFO - selecting column name which contains null above to 0.2
[ 2022-12-24 13:12:31,694 ] 48 root - INFO - Columns to drop: []
[ 2022-12-24 13:12:31,694 ] 135 root - INFO - Is all required columns present in train df
[ 2022-12-24 13:12:31,694 ] 137 root - INFO - Is all required columns present in test df
[ 2022-12-24 13:12:31,694 ] 141 root - INFO - As all column are available in train df hence detecting data drift
[ 2022-12-24 13:12:31,695 ] 89 root - INFO - Hypothesis age: int64, int64 
[ 2022-12-24 13:12:31,696 ] 89 root - INFO - Hypothesis sex: object, object 
[ 2022-12-24 13:12:31,699 ] 89 root - INFO - Hypothesis bmi: float64, float64 
[ 2022-12-24 13:12:31,701 ] 89 root - INFO - Hypothesis children: int64, int64 
[ 2022-12-24 13:12:31,701 ] 89 root - INFO - Hypothesis smoker: object, object 
[ 2022-12-24 13:12:31,706 ] 89 root - INFO - Hypothesis region: object, object 
[ 2022-12-24 13:12:31,711 ] 89 root - INFO - Hypothesis expenses: float64, float64 
[ 2022-12-24 13:12:31,712 ] 144 root - INFO - As all column are available in test df hence detecting data drift
[ 2022-12-24 13:12:31,712 ] 89 root - INFO - Hypothesis age: int64, int64 
[ 2022-12-24 13:12:31,713 ] 89 root - INFO - Hypothesis sex: object, object 
[ 2022-12-24 13:12:31,715 ] 89 root - INFO - Hypothesis bmi: float64, float64 
[ 2022-12-24 13:12:31,716 ] 89 root - INFO - Hypothesis children: int64, int64 
[ 2022-12-24 13:12:31,717 ] 89 root - INFO - Hypothesis smoker: object, object 
[ 2022-12-24 13:12:31,719 ] 89 root - INFO - Hypothesis region: object, object 
[ 2022-12-24 13:12:31,722 ] 89 root - INFO - Hypothesis expenses: float64, float64 
[ 2022-12-24 13:12:31,723 ] 148 root - INFO - Write reprt in yaml file
[ 2022-12-24 13:12:31,727 ] 153 root - INFO - Data validation artifact: DataValidationArtifact(report_file_path='/config/workspace/artifact/12242022__131231/data_validation/report.yaml')
[ 2022-12-24 13:12:31,727 ] 26 root - INFO - >>>>>>>>>>>>>>>>>>>>>>>>>>>>>>>>>>>>>>>> Data Transformation <<<<<<<<<<<<<<<<<<<<<<<<<<<<<<<<<<<<<<<<
[ 2022-12-24 13:12:31,761 ] 88 root - INFO - Before resampling in training set Input: (2140, 11) Target:(2140, 1)
