[ 2022-12-24 13:37:40,923 ] 16 root - INFO - >>>>>>>>>>>>>>>>>>>>>>>>>>>>>>>>>>>>>>>> Data Ingestion <<<<<<<<<<<<<<<<<<<<<<<<<<<<<<<<<<<<<<<<
[ 2022-12-24 13:37:40,924 ] 23 root - INFO - Exporting collection data as pandas dataframe
[ 2022-12-24 13:37:40,924 ] 21 root - INFO - Reading data from database: ipp and collection: insurance
[ 2022-12-24 13:37:40,936 ] 23 root - INFO - Found columns: Index(['_id', 'age', 'sex', 'bmi', 'children', 'smoker', 'region', 'expenses'], dtype='object')
[ 2022-12-24 13:37:40,936 ] 25 root - INFO - Dropping column: _id 
[ 2022-12-24 13:37:40,937 ] 27 root - INFO - Row and columns in df: (1338, 7)
[ 2022-12-24 13:37:40,937 ] 29 root - INFO - Save data in feature store
[ 2022-12-24 13:37:40,938 ] 35 root - INFO - Create feature store folder if not available
[ 2022-12-24 13:37:40,938 ] 39 root - INFO - Save df to feature store folder
[ 2022-12-24 13:37:40,945 ] 44 root - INFO - split dataset into train and test set
[ 2022-12-24 13:37:40,947 ] 48 root - INFO - create dataset directory folder if not available
[ 2022-12-24 13:37:40,947 ] 53 root - INFO - Save df to feature store folder
[ 2022-12-24 13:37:40,954 ] 65 root - INFO - Data ingestion artifact: DataIngestionArtifact(feature_store_file_path='/config/workspace/artifact/12242022__133740/data_ingestion/feature_store/insurance.csv', train_file_path='/config/workspace/artifact/12242022__133740/data_ingestion/dataset/train.csv', test_file_path='/config/workspace/artifact/12242022__133740/data_ingestion/dataset/test.csv')
[ 2022-12-24 13:37:40,954 ] 22 root - INFO - >>>>>>>>>>>>>>>>>>>>>>>>>>>>>>>>>>>>>>>> Data Validation <<<<<<<<<<<<<<<<<<<<<<<<<<<<<<<<<<<<<<<<
[ 2022-12-24 13:37:40,954 ] 111 root - INFO - Reading base dataframe
[ 2022-12-24 13:37:40,960 ] 114 root - INFO - Replace na value in base df
[ 2022-12-24 13:37:40,960 ] 116 root - INFO - Drop null values colums from base df
[ 2022-12-24 13:37:40,962 ] 45 root - INFO - selecting column name which contains null above to 0.2
[ 2022-12-24 13:37:40,962 ] 48 root - INFO - Columns to drop: []
[ 2022-12-24 13:37:40,963 ] 119 root - INFO - Reading train dataframe
[ 2022-12-24 13:37:40,965 ] 121 root - INFO - Reading test dataframe
[ 2022-12-24 13:37:40,967 ] 124 root - INFO - Drop null values colums from train df
[ 2022-12-24 13:37:40,969 ] 45 root - INFO - selecting column name which contains null above to 0.2
[ 2022-12-24 13:37:40,969 ] 48 root - INFO - Columns to drop: []
[ 2022-12-24 13:37:40,970 ] 126 root - INFO - Drop null values colums from test df
[ 2022-12-24 13:37:40,971 ] 45 root - INFO - selecting column name which contains null above to 0.2
[ 2022-12-24 13:37:40,971 ] 48 root - INFO - Columns to drop: []
[ 2022-12-24 13:37:40,972 ] 135 root - INFO - Is all required columns present in train df
[ 2022-12-24 13:37:40,972 ] 137 root - INFO - Is all required columns present in test df
[ 2022-12-24 13:37:40,972 ] 141 root - INFO - As all column are available in train df hence detecting data drift
[ 2022-12-24 13:37:40,973 ] 89 root - INFO - Hypothesis age: int64, int64 
[ 2022-12-24 13:37:40,973 ] 89 root - INFO - Hypothesis sex: object, object 
[ 2022-12-24 13:37:40,976 ] 89 root - INFO - Hypothesis bmi: float64, float64 
[ 2022-12-24 13:37:40,977 ] 89 root - INFO - Hypothesis children: int64, int64 
[ 2022-12-24 13:37:40,978 ] 89 root - INFO - Hypothesis smoker: object, object 
[ 2022-12-24 13:37:40,981 ] 89 root - INFO - Hypothesis region: object, object 
[ 2022-12-24 13:37:40,984 ] 89 root - INFO - Hypothesis expenses: float64, float64 
[ 2022-12-24 13:37:40,985 ] 144 root - INFO - As all column are available in test df hence detecting data drift
[ 2022-12-24 13:37:40,985 ] 89 root - INFO - Hypothesis age: int64, int64 
[ 2022-12-24 13:37:40,986 ] 89 root - INFO - Hypothesis sex: object, object 
[ 2022-12-24 13:37:40,988 ] 89 root - INFO - Hypothesis bmi: float64, float64 
[ 2022-12-24 13:37:40,989 ] 89 root - INFO - Hypothesis children: int64, int64 
[ 2022-12-24 13:37:40,989 ] 89 root - INFO - Hypothesis smoker: object, object 
[ 2022-12-24 13:37:40,991 ] 89 root - INFO - Hypothesis region: object, object 
[ 2022-12-24 13:37:40,994 ] 89 root - INFO - Hypothesis expenses: float64, float64 
[ 2022-12-24 13:37:40,994 ] 148 root - INFO - Write reprt in yaml file
[ 2022-12-24 13:37:40,999 ] 153 root - INFO - Data validation artifact: DataValidationArtifact(report_file_path='/config/workspace/artifact/12242022__133740/data_validation/report.yaml')
[ 2022-12-24 13:37:40,999 ] 26 root - INFO - >>>>>>>>>>>>>>>>>>>>>>>>>>>>>>>>>>>>>>>> Data Transformation <<<<<<<<<<<<<<<<<<<<<<<<<<<<<<<<<<<<<<<<
[ 2022-12-24 13:37:41,032 ] 54 root - INFO - Entered the save_object method of utils
[ 2022-12-24 13:37:41,035 ] 58 root - INFO - Exited the save_object method of utils
[ 2022-12-24 13:37:41,035 ] 54 root - INFO - Entered the save_object method of utils
[ 2022-12-24 13:37:41,036 ] 58 root - INFO - Exited the save_object method of utils
[ 2022-12-24 13:37:41,036 ] 125 root - INFO - Data transformation object DataTransformationArtifact(transform_object_path='/config/workspace/artifact/12242022__133740/data_transformation/transformer/transformer.pkl', transformed_train_path='/config/workspace/artifact/12242022__133740/data_transformation/transformed/train.npz', transformed_test_path='/config/workspace/artifact/12242022__133740/data_transformation/transformed/test.npz', transformed_target_path='/config/workspace/artifact/12242022__133740/data_transformation/transformer_target/target_transformer.pkl')
[ 2022-12-24 13:37:41,036 ] 18 root - INFO - >>>>>>>>>>>>>>>>>>>>>>>>>>>>>>>>>>>>>>>> Model Trainer <<<<<<<<<<<<<<<<<<<<<<<<<<<<<<<<<<<<<<<<
[ 2022-12-24 13:37:41,036 ] 45 root - INFO - Loading train and test array.
[ 2022-12-24 13:37:41,041 ] 49 root - INFO - Splitting input and target feature from both train and test arr.
[ 2022-12-24 13:37:41,041 ] 53 root - INFO - Train the model
[ 2022-12-24 13:37:41,427 ] 56 root - INFO - Calculating r2 train score
[ 2022-12-24 13:37:41,454 ] 60 root - INFO - Calculating r1 test score
[ 2022-12-24 13:37:41,470 ] 64 root - INFO - train score:0.9752510775682575 and tests score 0.8610606598651347
[ 2022-12-24 13:37:41,470 ] 66 root - INFO - Checking if our model is underfitting or not
[ 2022-12-24 13:37:41,470 ] 71 root - INFO - Checking if our model is overfiiting or not
