[ 2022-12-24 12:58:26,560 ] 16 root - INFO - >>>>>>>>>>>>>>>>>>>>>>>>>>>>>>>>>>>>>>>> Data Ingestion <<<<<<<<<<<<<<<<<<<<<<<<<<<<<<<<<<<<<<<<
[ 2022-12-24 12:58:26,560 ] 23 root - INFO - Exporting collection data as pandas dataframe
[ 2022-12-24 12:58:26,560 ] 21 root - INFO - Reading data from database: ipp and collection: insurance
[ 2022-12-24 12:58:26,572 ] 23 root - INFO - Found columns: Index(['_id', 'age', 'sex', 'bmi', 'children', 'smoker', 'region', 'expenses'], dtype='object')
[ 2022-12-24 12:58:26,573 ] 25 root - INFO - Dropping column: _id 
[ 2022-12-24 12:58:26,574 ] 27 root - INFO - Row and columns in df: (1338, 7)
[ 2022-12-24 12:58:26,574 ] 29 root - INFO - Save data in feature store
[ 2022-12-24 12:58:26,574 ] 35 root - INFO - Create feature store folder if not available
[ 2022-12-24 12:58:26,575 ] 39 root - INFO - Save df to feature store folder
[ 2022-12-24 12:58:26,582 ] 44 root - INFO - split dataset into train and test set
[ 2022-12-24 12:58:26,583 ] 48 root - INFO - create dataset directory folder if not available
[ 2022-12-24 12:58:26,583 ] 53 root - INFO - Save df to feature store folder
[ 2022-12-24 12:58:26,590 ] 65 root - INFO - Data ingestion artifact: DataIngestionArtifact(feature_store_file_path='/config/workspace/artifact/12242022__125826/data_ingestion/feature_store/insurance.csv', train_file_path='/config/workspace/artifact/12242022__125826/data_ingestion/dataset/train.csv', test_file_path='/config/workspace/artifact/12242022__125826/data_ingestion/dataset/test.csv')
[ 2022-12-24 12:58:26,590 ] 22 root - INFO - >>>>>>>>>>>>>>>>>>>>>>>>>>>>>>>>>>>>>>>> Data Validation <<<<<<<<<<<<<<<<<<<<<<<<<<<<<<<<<<<<<<<<
[ 2022-12-24 12:58:26,590 ] 111 root - INFO - Reading base dataframe
[ 2022-12-24 12:58:26,596 ] 114 root - INFO - Replace na value in base df
[ 2022-12-24 12:58:26,596 ] 116 root - INFO - Drop null values colums from base df
[ 2022-12-24 12:58:26,598 ] 45 root - INFO - selecting column name which contains null above to 0.2
[ 2022-12-24 12:58:26,598 ] 48 root - INFO - Columns to drop: []
[ 2022-12-24 12:58:26,599 ] 119 root - INFO - Reading train dataframe
[ 2022-12-24 12:58:26,602 ] 121 root - INFO - Reading test dataframe
[ 2022-12-24 12:58:26,604 ] 124 root - INFO - Drop null values colums from train df
[ 2022-12-24 12:58:26,605 ] 45 root - INFO - selecting column name which contains null above to 0.2
[ 2022-12-24 12:58:26,605 ] 48 root - INFO - Columns to drop: []
[ 2022-12-24 12:58:26,606 ] 126 root - INFO - Drop null values colums from test df
[ 2022-12-24 12:58:26,607 ] 45 root - INFO - selecting column name which contains null above to 0.2
[ 2022-12-24 12:58:26,607 ] 48 root - INFO - Columns to drop: []
[ 2022-12-24 12:58:26,608 ] 135 root - INFO - Is all required columns present in train df
[ 2022-12-24 12:58:26,608 ] 137 root - INFO - Is all required columns present in test df
[ 2022-12-24 12:58:26,608 ] 141 root - INFO - As all column are available in train df hence detecting data drift
[ 2022-12-24 12:58:26,609 ] 89 root - INFO - Hypothesis age: int64, int64 
[ 2022-12-24 12:58:26,610 ] 89 root - INFO - Hypothesis sex: object, object 
[ 2022-12-24 12:58:26,612 ] 89 root - INFO - Hypothesis bmi: float64, float64 
[ 2022-12-24 12:58:26,613 ] 89 root - INFO - Hypothesis children: int64, int64 
[ 2022-12-24 12:58:26,614 ] 89 root - INFO - Hypothesis smoker: object, object 
[ 2022-12-24 12:58:26,617 ] 89 root - INFO - Hypothesis region: object, object 
[ 2022-12-24 12:58:26,620 ] 89 root - INFO - Hypothesis expenses: float64, float64 
[ 2022-12-24 12:58:26,621 ] 144 root - INFO - As all column are available in test df hence detecting data drift
[ 2022-12-24 12:58:26,621 ] 89 root - INFO - Hypothesis age: int64, int64 
[ 2022-12-24 12:58:26,622 ] 89 root - INFO - Hypothesis sex: object, object 
[ 2022-12-24 12:58:26,624 ] 89 root - INFO - Hypothesis bmi: float64, float64 
[ 2022-12-24 12:58:26,625 ] 89 root - INFO - Hypothesis children: int64, int64 
[ 2022-12-24 12:58:26,625 ] 89 root - INFO - Hypothesis smoker: object, object 
[ 2022-12-24 12:58:26,627 ] 89 root - INFO - Hypothesis region: object, object 
[ 2022-12-24 12:58:26,629 ] 89 root - INFO - Hypothesis expenses: float64, float64 
[ 2022-12-24 12:58:26,630 ] 148 root - INFO - Write reprt in yaml file
[ 2022-12-24 12:58:26,634 ] 153 root - INFO - Data validation artifact: DataValidationArtifact(report_file_path='/config/workspace/artifact/12242022__125826/data_validation/report.yaml')
[ 2022-12-24 12:58:26,634 ] 26 root - INFO - >>>>>>>>>>>>>>>>>>>>>>>>>>>>>>>>>>>>>>>> Data Transformation <<<<<<<<<<<<<<<<<<<<<<<<<<<<<<<<<<<<<<<<
[ 2022-12-24 12:58:26,665 ] 88 root - INFO - Before resampling in training set Input: (1070, 11) Target:(1070, 1)
