[ 2022-12-24 13:00:52,294 ] 16 root - INFO - >>>>>>>>>>>>>>>>>>>>>>>>>>>>>>>>>>>>>>>> Data Ingestion <<<<<<<<<<<<<<<<<<<<<<<<<<<<<<<<<<<<<<<<
[ 2022-12-24 13:00:52,294 ] 23 root - INFO - Exporting collection data as pandas dataframe
[ 2022-12-24 13:00:52,294 ] 21 root - INFO - Reading data from database: ipp and collection: insurance
[ 2022-12-24 13:00:52,314 ] 23 root - INFO - Found columns: Index(['_id', 'age', 'sex', 'bmi', 'children', 'smoker', 'region', 'expenses'], dtype='object')
[ 2022-12-24 13:00:52,314 ] 25 root - INFO - Dropping column: _id 
[ 2022-12-24 13:00:52,315 ] 27 root - INFO - Row and columns in df: (2676, 7)
[ 2022-12-24 13:00:52,315 ] 29 root - INFO - Save data in feature store
[ 2022-12-24 13:00:52,316 ] 35 root - INFO - Create feature store folder if not available
[ 2022-12-24 13:00:52,316 ] 39 root - INFO - Save df to feature store folder
[ 2022-12-24 13:00:52,329 ] 44 root - INFO - split dataset into train and test set
[ 2022-12-24 13:00:52,330 ] 48 root - INFO - create dataset directory folder if not available
[ 2022-12-24 13:00:52,330 ] 53 root - INFO - Save df to feature store folder
[ 2022-12-24 13:00:52,343 ] 65 root - INFO - Data ingestion artifact: DataIngestionArtifact(feature_store_file_path='/config/workspace/artifact/12242022__130052/data_ingestion/feature_store/insurance.csv', train_file_path='/config/workspace/artifact/12242022__130052/data_ingestion/dataset/train.csv', test_file_path='/config/workspace/artifact/12242022__130052/data_ingestion/dataset/test.csv')
[ 2022-12-24 13:00:52,344 ] 22 root - INFO - >>>>>>>>>>>>>>>>>>>>>>>>>>>>>>>>>>>>>>>> Data Validation <<<<<<<<<<<<<<<<<<<<<<<<<<<<<<<<<<<<<<<<
[ 2022-12-24 13:00:52,344 ] 111 root - INFO - Reading base dataframe
[ 2022-12-24 13:00:52,349 ] 114 root - INFO - Replace na value in base df
[ 2022-12-24 13:00:52,349 ] 116 root - INFO - Drop null values colums from base df
[ 2022-12-24 13:00:52,350 ] 45 root - INFO - selecting column name which contains null above to 0.2
[ 2022-12-24 13:00:52,351 ] 48 root - INFO - Columns to drop: []
[ 2022-12-24 13:00:52,351 ] 119 root - INFO - Reading train dataframe
[ 2022-12-24 13:00:52,355 ] 121 root - INFO - Reading test dataframe
[ 2022-12-24 13:00:52,357 ] 124 root - INFO - Drop null values colums from train df
[ 2022-12-24 13:00:52,359 ] 45 root - INFO - selecting column name which contains null above to 0.2
[ 2022-12-24 13:00:52,359 ] 48 root - INFO - Columns to drop: []
[ 2022-12-24 13:00:52,360 ] 126 root - INFO - Drop null values colums from test df
[ 2022-12-24 13:00:52,361 ] 45 root - INFO - selecting column name which contains null above to 0.2
[ 2022-12-24 13:00:52,362 ] 48 root - INFO - Columns to drop: []
[ 2022-12-24 13:00:52,362 ] 135 root - INFO - Is all required columns present in train df
[ 2022-12-24 13:00:52,362 ] 137 root - INFO - Is all required columns present in test df
[ 2022-12-24 13:00:52,363 ] 141 root - INFO - As all column are available in train df hence detecting data drift
[ 2022-12-24 13:00:52,363 ] 89 root - INFO - Hypothesis age: int64, int64 
[ 2022-12-24 13:00:52,364 ] 89 root - INFO - Hypothesis sex: object, object 
[ 2022-12-24 13:00:52,368 ] 89 root - INFO - Hypothesis bmi: float64, float64 
[ 2022-12-24 13:00:52,369 ] 89 root - INFO - Hypothesis children: int64, int64 
[ 2022-12-24 13:00:52,370 ] 89 root - INFO - Hypothesis smoker: object, object 
[ 2022-12-24 13:00:52,374 ] 89 root - INFO - Hypothesis region: object, object 
[ 2022-12-24 13:00:52,379 ] 89 root - INFO - Hypothesis expenses: float64, float64 
[ 2022-12-24 13:00:52,380 ] 144 root - INFO - As all column are available in test df hence detecting data drift
[ 2022-12-24 13:00:52,380 ] 89 root - INFO - Hypothesis age: int64, int64 
[ 2022-12-24 13:00:52,381 ] 89 root - INFO - Hypothesis sex: object, object 
[ 2022-12-24 13:00:52,383 ] 89 root - INFO - Hypothesis bmi: float64, float64 
[ 2022-12-24 13:00:52,384 ] 89 root - INFO - Hypothesis children: int64, int64 
[ 2022-12-24 13:00:52,385 ] 89 root - INFO - Hypothesis smoker: object, object 
[ 2022-12-24 13:00:52,387 ] 89 root - INFO - Hypothesis region: object, object 
[ 2022-12-24 13:00:52,390 ] 89 root - INFO - Hypothesis expenses: float64, float64 
[ 2022-12-24 13:00:52,391 ] 148 root - INFO - Write reprt in yaml file
[ 2022-12-24 13:00:52,395 ] 153 root - INFO - Data validation artifact: DataValidationArtifact(report_file_path='/config/workspace/artifact/12242022__130052/data_validation/report.yaml')
[ 2022-12-24 13:00:52,395 ] 26 root - INFO - >>>>>>>>>>>>>>>>>>>>>>>>>>>>>>>>>>>>>>>> Data Transformation <<<<<<<<<<<<<<<<<<<<<<<<<<<<<<<<<<<<<<<<
[ 2022-12-24 13:00:52,436 ] 88 root - INFO - Before resampling in training set Input: (2140, 11) Target:(2140, 1)
